2020-01-20 10:06:37.878 com.lind.avtiviti.AvtivitiApplicationTests [Test worker] : Starting AvtivitiApplicationTests on BDYH-PC170 with PID 24284 (started by PC170 in D:\github\activiti)
2020-01-20 10:06:37.879 com.lind.avtiviti.AvtivitiApplicationTests [Test worker] : No active profile set, falling back to default profiles: default
2020-01-20 10:06:38.176 org.springframework.web.context.support.GenericWebApplicationContext [Test worker] : Exception encountered during context initialization - cancelling refresh attempt: org.springframework.beans.factory.BeanDefinitionStoreException: Failed to process import candidates for configuration class [com.lind.avtiviti.AvtivitiApplication]; nested exception is java.io.FileNotFoundException: class path resource [org/springframework/security/config/annotation/authentication/configurers/GlobalAuthenticationConfigurerAdapter.class] cannot be opened because it does not exist
2020-01-20 10:06:38.182 org.springframework.boot.autoconfigure.logging.ConditionEvaluationReportLoggingListener [Test worker] : 

Error starting ApplicationContext. To display the conditions report re-run your application with 'debug' enabled.
2020-01-20 10:06:38.244 com.lind.avtiviti.AvtivitiApplicationTests [Test worker] : Starting AvtivitiApplicationTests on BDYH-PC170 with PID 24284 (started by PC170 in D:\github\activiti)
2020-01-20 10:06:38.245 com.lind.avtiviti.AvtivitiApplicationTests [Test worker] : No active profile set, falling back to default profiles: default
2020-01-20 10:06:38.358 org.springframework.web.context.support.GenericWebApplicationContext [Test worker] : Exception encountered during context initialization - cancelling refresh attempt: org.springframework.beans.factory.BeanDefinitionStoreException: Failed to process import candidates for configuration class [com.lind.avtiviti.AvtivitiApplication]; nested exception is java.io.FileNotFoundException: class path resource [org/springframework/security/config/annotation/authentication/configurers/GlobalAuthenticationConfigurerAdapter.class] cannot be opened because it does not exist
2020-01-20 10:06:38.360 org.springframework.boot.autoconfigure.logging.ConditionEvaluationReportLoggingListener [Test worker] : 

Error starting ApplicationContext. To display the conditions report re-run your application with 'debug' enabled.
2020-01-20 10:06:38.407 com.lind.avtiviti.AvtivitiApplicationTests [Test worker] : Starting AvtivitiApplicationTests on BDYH-PC170 with PID 24284 (started by PC170 in D:\github\activiti)
2020-01-20 10:06:38.407 com.lind.avtiviti.AvtivitiApplicationTests [Test worker] : No active profile set, falling back to default profiles: default
2020-01-20 10:06:38.491 org.springframework.web.context.support.GenericWebApplicationContext [Test worker] : Exception encountered during context initialization - cancelling refresh attempt: org.springframework.beans.factory.BeanDefinitionStoreException: Failed to process import candidates for configuration class [com.lind.avtiviti.AvtivitiApplication]; nested exception is java.io.FileNotFoundException: class path resource [org/springframework/security/config/annotation/authentication/configurers/GlobalAuthenticationConfigurerAdapter.class] cannot be opened because it does not exist
2020-01-20 10:06:38.492 org.springframework.boot.autoconfigure.logging.ConditionEvaluationReportLoggingListener [Test worker] : 

Error starting ApplicationContext. To display the conditions report re-run your application with 'debug' enabled.
2020-01-20 10:06:38.551 org.activiti.engine.ProcessEngines [Test worker] : Initializing process engine using configuration 'file:/D:/github/activiti/build/resources/test/activiti.cfg.xml'
2020-01-20 10:06:38.553 org.activiti.engine.ProcessEngines [Test worker] : initializing process engine for resource file:/D:/github/activiti/build/resources/test/activiti.cfg.xml
2020-01-20 10:06:39.423 org.activiti.engine.impl.db.DbSqlSession [Test worker] : performing create on engine with resource org/activiti/db/create/activiti.h2.create.engine.sql
2020-01-20 10:06:39.450 org.activiti.engine.impl.db.DbSqlSession [Test worker] : performing create on history with resource org/activiti/db/create/activiti.h2.create.history.sql
2020-01-20 10:06:39.455 org.activiti.engine.impl.db.DbSqlSession [Test worker] : performing create on identity with resource org/activiti/db/create/activiti.h2.create.identity.sql
2020-01-20 10:06:39.457 org.activiti.engine.impl.ProcessEngineImpl [Test worker] : ProcessEngine default created
2020-01-20 10:06:39.462 org.activiti.engine.ProcessEngines [Test worker] : initialised process engine default
2020-01-20 10:06:39.692 org.activiti.engine.impl.ProcessEngineImpl [Test worker] : ProcessEngine default created
2020-01-20 10:06:39.744 org.activiti.engine.impl.bpmn.deployer.BpmnDeployer [Test worker] : Processing resource diagrams/leave.bpmn
2020-01-20 10:06:39.847 org.activiti.engine.impl.bpmn.deployer.BpmnDeployer [Test worker] : Processing resource diagrams/leave.png
2020-01-20 10:06:40.031 org.activiti.engine.impl.ProcessEngineImpl [Test worker] : ProcessEngine default created
2020-01-20 10:06:40.043 org.springframework.boot.test.context.SpringBootTestContextBootstrapper [Test worker] : Neither @ContextConfiguration nor @ContextHierarchy found for test class [com.lind.avtiviti.AvtivitiApplicationTests], using SpringBootContextLoader
2020-01-20 10:06:40.044 org.springframework.test.context.support.AbstractContextLoader [Test worker] : Could not detect default resource locations for test class [com.lind.avtiviti.AvtivitiApplicationTests]: no resource found for suffixes {-context.xml, Context.groovy}.
2020-01-20 10:06:40.044 org.springframework.test.context.support.AnnotationConfigContextLoaderUtils [Test worker] : Could not detect default configuration classes for test class [com.lind.avtiviti.AvtivitiApplicationTests]: AvtivitiApplicationTests does not declare any static, non-private, non-final, nested classes annotated with @Configuration.
2020-01-20 10:06:40.046 org.springframework.boot.test.context.SpringBootTestContextBootstrapper [Test worker] : Found @SpringBootConfiguration com.lind.avtiviti.AvtivitiApplication for test class com.lind.avtiviti.AvtivitiApplicationTests
2020-01-20 10:06:40.047 org.springframework.boot.test.context.SpringBootTestContextBootstrapper [Test worker] : Loaded default TestExecutionListener class names from location [META-INF/spring.factories]: [org.springframework.boot.test.autoconfigure.restdocs.RestDocsTestExecutionListener, org.springframework.boot.test.autoconfigure.web.client.MockRestServiceServerResetTestExecutionListener, org.springframework.boot.test.autoconfigure.web.servlet.MockMvcPrintOnlyOnFailureTestExecutionListener, org.springframework.boot.test.autoconfigure.web.servlet.WebDriverTestExecutionListener, org.springframework.boot.test.mock.mockito.MockitoTestExecutionListener, org.springframework.boot.test.mock.mockito.ResetMocksTestExecutionListener, org.springframework.test.context.web.ServletTestExecutionListener, org.springframework.test.context.support.DirtiesContextBeforeModesTestExecutionListener, org.springframework.test.context.support.DependencyInjectionTestExecutionListener, org.springframework.test.context.support.DirtiesContextTestExecutionListener, org.springframework.test.context.transaction.TransactionalTestExecutionListener, org.springframework.test.context.jdbc.SqlScriptsTestExecutionListener, org.springframework.test.context.event.EventPublishingTestExecutionListener]
2020-01-20 10:06:40.048 org.springframework.boot.test.context.SpringBootTestContextBootstrapper [Test worker] : Using TestExecutionListeners: [org.springframework.test.context.web.ServletTestExecutionListener@42bc9111, org.springframework.test.context.support.DirtiesContextBeforeModesTestExecutionListener@7a825b28, org.springframework.boot.test.mock.mockito.MockitoTestExecutionListener@54a5245b, org.springframework.boot.test.autoconfigure.SpringBootDependencyInjectionTestExecutionListener@67dddbf7, org.springframework.test.context.support.DirtiesContextTestExecutionListener@41cffa04, org.springframework.test.context.transaction.TransactionalTestExecutionListener@29fcb20e, org.springframework.test.context.jdbc.SqlScriptsTestExecutionListener@5486cc96, org.springframework.test.context.event.EventPublishingTestExecutionListener@5d0db792, org.springframework.boot.test.autoconfigure.restdocs.RestDocsTestExecutionListener@632c79ed, org.springframework.boot.test.autoconfigure.web.client.MockRestServiceServerResetTestExecutionListener@2f8cdb44, org.springframework.boot.test.autoconfigure.web.servlet.MockMvcPrintOnlyOnFailureTestExecutionListener@4d8c505f, org.springframework.boot.test.autoconfigure.web.servlet.WebDriverTestExecutionListener@7d0dcf5b, org.springframework.boot.test.mock.mockito.ResetMocksTestExecutionListener@7dee3206]
2020-01-20 10:06:40.090 com.lind.avtiviti.AvtivitiApplicationTests [Test worker] : Starting AvtivitiApplicationTests on BDYH-PC170 with PID 24284 (started by PC170 in D:\github\activiti)
2020-01-20 10:06:40.091 com.lind.avtiviti.AvtivitiApplicationTests [Test worker] : No active profile set, falling back to default profiles: default
2020-01-20 10:06:40.162 org.springframework.web.context.support.GenericWebApplicationContext [Test worker] : Exception encountered during context initialization - cancelling refresh attempt: org.springframework.beans.factory.BeanDefinitionStoreException: Failed to process import candidates for configuration class [com.lind.avtiviti.AvtivitiApplication]; nested exception is java.io.FileNotFoundException: class path resource [org/springframework/security/config/annotation/authentication/configurers/GlobalAuthenticationConfigurerAdapter.class] cannot be opened because it does not exist
2020-01-20 10:06:40.163 org.springframework.boot.autoconfigure.logging.ConditionEvaluationReportLoggingListener [Test worker] : 

Error starting ApplicationContext. To display the conditions report re-run your application with 'debug' enabled.
2020-01-20 10:06:40.200 com.lind.avtiviti.AvtivitiApplicationTests [Test worker] : Starting AvtivitiApplicationTests on BDYH-PC170 with PID 24284 (started by PC170 in D:\github\activiti)
2020-01-20 10:06:40.200 com.lind.avtiviti.AvtivitiApplicationTests [Test worker] : No active profile set, falling back to default profiles: default
2020-01-20 10:06:40.268 org.springframework.web.context.support.GenericWebApplicationContext [Test worker] : Exception encountered during context initialization - cancelling refresh attempt: org.springframework.beans.factory.BeanDefinitionStoreException: Failed to process import candidates for configuration class [com.lind.avtiviti.AvtivitiApplication]; nested exception is java.io.FileNotFoundException: class path resource [org/springframework/security/config/annotation/authentication/configurers/GlobalAuthenticationConfigurerAdapter.class] cannot be opened because it does not exist
2020-01-20 10:06:40.269 org.springframework.boot.autoconfigure.logging.ConditionEvaluationReportLoggingListener [Test worker] : 

Error starting ApplicationContext. To display the conditions report re-run your application with 'debug' enabled.
2020-01-20 10:06:40.304 com.lind.avtiviti.AvtivitiApplicationTests [Test worker] : Starting AvtivitiApplicationTests on BDYH-PC170 with PID 24284 (started by PC170 in D:\github\activiti)
2020-01-20 10:06:40.304 com.lind.avtiviti.AvtivitiApplicationTests [Test worker] : No active profile set, falling back to default profiles: default
2020-01-20 10:06:40.370 org.springframework.web.context.support.GenericWebApplicationContext [Test worker] : Exception encountered during context initialization - cancelling refresh attempt: org.springframework.beans.factory.BeanDefinitionStoreException: Failed to process import candidates for configuration class [com.lind.avtiviti.AvtivitiApplication]; nested exception is java.io.FileNotFoundException: class path resource [org/springframework/security/config/annotation/authentication/configurers/GlobalAuthenticationConfigurerAdapter.class] cannot be opened because it does not exist
2020-01-20 10:06:40.371 org.springframework.boot.autoconfigure.logging.ConditionEvaluationReportLoggingListener [Test worker] : 

Error starting ApplicationContext. To display the conditions report re-run your application with 'debug' enabled.
2020-01-20 10:06:40.403 com.lind.avtiviti.AvtivitiApplicationTests [Test worker] : Starting AvtivitiApplicationTests on BDYH-PC170 with PID 24284 (started by PC170 in D:\github\activiti)
2020-01-20 10:06:40.403 com.lind.avtiviti.AvtivitiApplicationTests [Test worker] : No active profile set, falling back to default profiles: default
2020-01-20 10:06:40.469 org.springframework.web.context.support.GenericWebApplicationContext [Test worker] : Exception encountered during context initialization - cancelling refresh attempt: org.springframework.beans.factory.BeanDefinitionStoreException: Failed to process import candidates for configuration class [com.lind.avtiviti.AvtivitiApplication]; nested exception is java.io.FileNotFoundException: class path resource [org/springframework/security/config/annotation/authentication/configurers/GlobalAuthenticationConfigurerAdapter.class] cannot be opened because it does not exist
2020-01-20 10:06:40.470 org.springframework.boot.autoconfigure.logging.ConditionEvaluationReportLoggingListener [Test worker] : 

Error starting ApplicationContext. To display the conditions report re-run your application with 'debug' enabled.
2020-01-20 10:36:45.578 com.lind.avtiviti.AvtivitiApplicationTests [Test worker] : Starting AvtivitiApplicationTests on BDYH-PC170 with PID 23460 (started by PC170 in D:\github\activiti)
2020-01-20 10:36:45.579 com.lind.avtiviti.AvtivitiApplicationTests [Test worker] : No active profile set, falling back to default profiles: default
2020-01-20 10:36:46.197 org.springframework.data.repository.config.RepositoryConfigurationDelegate [Test worker] : Bootstrapping Spring Data repositories in DEFAULT mode.
2020-01-20 10:36:46.222 org.springframework.data.repository.config.RepositoryConfigurationDelegate [Test worker] : Finished Spring Data repository scanning in 15ms. Found 0 repository interfaces.
2020-01-20 10:36:46.636 org.springframework.context.support.PostProcessorRegistrationDelegate$BeanPostProcessorChecker [Test worker] : Bean 'org.springframework.transaction.annotation.ProxyTransactionManagementConfiguration' of type [org.springframework.transaction.annotation.ProxyTransactionManagementConfiguration] is not eligible for getting processed by all BeanPostProcessors (for example: not eligible for auto-proxying)
2020-01-20 10:36:46.844 org.hibernate.jpa.internal.util.LogHelper [Test worker] : HHH000204: Processing PersistenceUnitInfo [name: default]
2020-01-20 10:36:46.923 org.hibernate.Version [Test worker] : HHH000412: Hibernate Core {5.4.6.Final}
2020-01-20 10:36:47.092 org.hibernate.annotations.common.Version [Test worker] : HCANN000001: Hibernate Commons Annotations {5.1.0.Final}
2020-01-20 10:36:47.199 com.zaxxer.hikari.HikariDataSource [Test worker] : HikariPool-1 - Starting...
2020-01-20 10:36:47.203 com.zaxxer.hikari.util.DriverDataSource [Test worker] : Registered driver with driverClassName=com.mysql.jdbc.Driver was not found, trying direct instantiation.
2020-01-20 10:36:47.333 com.zaxxer.hikari.HikariDataSource [Test worker] : HikariPool-1 - Start completed.
2020-01-20 10:36:47.358 org.hibernate.dialect.Dialect [Test worker] : HHH000400: Using dialect: org.hibernate.dialect.MySQL8Dialect
2020-01-20 10:36:47.596 org.hibernate.engine.transaction.jta.platform.internal.JtaPlatformInitiator [Test worker] : HHH000490: Using JtaPlatform implementation: [org.hibernate.engine.transaction.jta.platform.internal.NoJtaPlatform]
2020-01-20 10:36:47.604 org.springframework.orm.jpa.LocalContainerEntityManagerFactoryBean [Test worker] : Initialized JPA EntityManagerFactory for persistence unit 'default'
2020-01-20 10:36:47.762 org.springframework.scheduling.concurrent.ThreadPoolTaskExecutor [Test worker] : Initializing ExecutorService 'applicationTaskExecutor'
2020-01-20 10:36:48.477 org.activiti.engine.impl.ProcessEngineImpl [Test worker] : ProcessEngine default created
2020-01-20 10:36:48.478 org.activiti.engine.impl.asyncexecutor.AbstractAsyncJobExecutor [Test worker] : Starting up the default async job executor [org.activiti.spring.SpringAsyncExecutor].
2020-01-20 10:36:48.479 org.activiti.engine.impl.asyncexecutor.AcquireAsyncJobsDueRunnable [Thread-6] : starting to acquire async jobs due
2020-01-20 10:36:48.479 org.activiti.engine.impl.asyncexecutor.AcquireTimerJobsRunnable [Thread-5] : starting to acquire async jobs due
2020-01-20 10:36:48.789 org.springframework.boot.autoconfigure.orm.jpa.JpaBaseConfiguration$JpaWebConfiguration [Test worker] : spring.jpa.open-in-view is enabled by default. Therefore, database queries may be performed during view rendering. Explicitly configure spring.jpa.open-in-view to disable this warning
2020-01-20 10:36:49.440 org.springframework.boot.autoconfigure.security.servlet.UserDetailsServiceAutoConfiguration [Test worker] : 

Using generated security password: 511a7349-7d6b-4c7c-8e3c-98d4ca5913c2

2020-01-20 10:36:49.654 org.springframework.security.web.DefaultSecurityFilterChain [Test worker] : Creating filter chain: any request, [org.springframework.security.web.context.request.async.WebAsyncManagerIntegrationFilter@6bb48d88, org.springframework.security.web.context.SecurityContextPersistenceFilter@1a59ca04, org.springframework.security.web.header.HeaderWriterFilter@592a6903, org.springframework.security.web.csrf.CsrfFilter@519971e1, org.springframework.security.web.authentication.logout.LogoutFilter@31355750, org.springframework.security.web.authentication.UsernamePasswordAuthenticationFilter@6fdd18b7, org.springframework.security.web.authentication.ui.DefaultLoginPageGeneratingFilter@4702ef7d, org.springframework.security.web.authentication.ui.DefaultLogoutPageGeneratingFilter@18680d6f, org.springframework.security.web.authentication.www.BasicAuthenticationFilter@564a0ee0, org.springframework.security.web.savedrequest.RequestCacheAwareFilter@163eefd2, org.springframework.security.web.servletapi.SecurityContextHolderAwareRequestFilter@25398bde, org.springframework.security.web.authentication.AnonymousAuthenticationFilter@30e91e18, org.springframework.security.web.session.SessionManagementFilter@23c7ccb, org.springframework.security.web.access.ExceptionTranslationFilter@233cb6f9, org.springframework.security.web.access.intercept.FilterSecurityInterceptor@7f0a3d15]
2020-01-20 10:36:49.733 com.lind.avtiviti.AvtivitiApplicationTests [Test worker] : Started AvtivitiApplicationTests in 4.552 seconds (JVM running for 6.086)
2020-01-20 10:36:50.220 org.activiti.engine.impl.db.DbSqlSession [Test worker] : performing create on engine with resource org/activiti/db/create/activiti.h2.create.engine.sql
2020-01-20 10:36:50.250 org.activiti.engine.impl.db.DbSqlSession [Test worker] : performing create on history with resource org/activiti/db/create/activiti.h2.create.history.sql
2020-01-20 10:36:50.255 org.activiti.engine.impl.db.DbSqlSession [Test worker] : performing create on identity with resource org/activiti/db/create/activiti.h2.create.identity.sql
2020-01-20 10:36:50.258 org.activiti.engine.impl.ProcessEngineImpl [Test worker] : ProcessEngine default created
2020-01-20 10:36:50.493 org.activiti.engine.impl.ProcessEngineImpl [Test worker] : ProcessEngine default created
2020-01-20 10:36:50.663 org.activiti.engine.impl.ProcessEngineImpl [Test worker] : ProcessEngine default created
2020-01-20 10:36:50.899 org.activiti.engine.impl.ProcessEngineImpl [Test worker] : ProcessEngine default created
2020-01-20 10:36:51.056 org.activiti.engine.impl.ProcessEngineImpl [Test worker] : ProcessEngine default created
2020-01-20 10:36:51.205 org.activiti.engine.impl.ProcessEngineImpl [Test worker] : ProcessEngine default created
2020-01-20 10:36:51.578 org.activiti.engine.impl.ProcessEngineImpl [Test worker] : ProcessEngine default created
2020-01-20 10:36:51.611 org.activiti.engine.impl.bpmn.deployer.BpmnDeployer [Test worker] : Processing resource diagrams/leave.bpmn
2020-01-20 10:36:51.738 org.activiti.engine.impl.bpmn.deployer.BpmnDeployer [Test worker] : Processing resource diagrams/leave.png
2020-01-20 10:36:51.928 org.activiti.engine.impl.ProcessEngineImpl [Test worker] : ProcessEngine default created
2020-01-20 10:36:51.945 org.springframework.boot.test.context.SpringBootTestContextBootstrapper [Test worker] : Neither @ContextConfiguration nor @ContextHierarchy found for test class [com.lind.avtiviti.AvtivitiApplicationTests], using SpringBootContextLoader
2020-01-20 10:36:51.945 org.springframework.test.context.support.AbstractContextLoader [Test worker] : Could not detect default resource locations for test class [com.lind.avtiviti.AvtivitiApplicationTests]: no resource found for suffixes {-context.xml, Context.groovy}.
2020-01-20 10:36:51.946 org.springframework.test.context.support.AnnotationConfigContextLoaderUtils [Test worker] : Could not detect default configuration classes for test class [com.lind.avtiviti.AvtivitiApplicationTests]: AvtivitiApplicationTests does not declare any static, non-private, non-final, nested classes annotated with @Configuration.
2020-01-20 10:36:51.948 org.springframework.boot.test.context.SpringBootTestContextBootstrapper [Test worker] : Found @SpringBootConfiguration com.lind.avtiviti.AvtivitiApplication for test class com.lind.avtiviti.AvtivitiApplicationTests
2020-01-20 10:36:51.950 org.springframework.boot.test.context.SpringBootTestContextBootstrapper [Test worker] : Loaded default TestExecutionListener class names from location [META-INF/spring.factories]: [org.springframework.boot.test.autoconfigure.restdocs.RestDocsTestExecutionListener, org.springframework.boot.test.autoconfigure.web.client.MockRestServiceServerResetTestExecutionListener, org.springframework.boot.test.autoconfigure.web.servlet.MockMvcPrintOnlyOnFailureTestExecutionListener, org.springframework.boot.test.autoconfigure.web.servlet.WebDriverTestExecutionListener, org.springframework.boot.test.mock.mockito.MockitoTestExecutionListener, org.springframework.boot.test.mock.mockito.ResetMocksTestExecutionListener, org.springframework.test.context.web.ServletTestExecutionListener, org.springframework.test.context.support.DirtiesContextBeforeModesTestExecutionListener, org.springframework.test.context.support.DependencyInjectionTestExecutionListener, org.springframework.test.context.support.DirtiesContextTestExecutionListener, org.springframework.test.context.transaction.TransactionalTestExecutionListener, org.springframework.test.context.jdbc.SqlScriptsTestExecutionListener, org.springframework.test.context.event.EventPublishingTestExecutionListener]
2020-01-20 10:36:51.950 org.springframework.boot.test.context.SpringBootTestContextBootstrapper [Test worker] : Using TestExecutionListeners: [org.springframework.test.context.web.ServletTestExecutionListener@240750bf, org.springframework.test.context.support.DirtiesContextBeforeModesTestExecutionListener@69568419, org.springframework.boot.test.mock.mockito.MockitoTestExecutionListener@56699e3f, org.springframework.boot.test.autoconfigure.SpringBootDependencyInjectionTestExecutionListener@4fedd67d, org.springframework.test.context.support.DirtiesContextTestExecutionListener@51f1e597, org.springframework.test.context.transaction.TransactionalTestExecutionListener@c5ad5fc, org.springframework.test.context.jdbc.SqlScriptsTestExecutionListener@16d83a2e, org.springframework.test.context.event.EventPublishingTestExecutionListener@372748b6, org.springframework.boot.test.autoconfigure.restdocs.RestDocsTestExecutionListener@6924ce98, org.springframework.boot.test.autoconfigure.web.client.MockRestServiceServerResetTestExecutionListener@338b1375, org.springframework.boot.test.autoconfigure.web.servlet.MockMvcPrintOnlyOnFailureTestExecutionListener@64d54660, org.springframework.boot.test.autoconfigure.web.servlet.WebDriverTestExecutionListener@69bac0b4, org.springframework.boot.test.mock.mockito.ResetMocksTestExecutionListener@26258315]
2020-01-20 10:36:52.174 org.activiti.engine.impl.ProcessEngineImpl [Test worker] : ProcessEngine default created
2020-01-20 10:36:52.324 org.activiti.engine.impl.ProcessEngineImpl [Test worker] : ProcessEngine default created
2020-01-20 10:36:52.326 org.activiti.engine.impl.bpmn.deployer.BpmnDeployer [Test worker] : Processing resource AskForLeave.bpmn
2020-01-20 10:36:52.710 org.activiti.engine.impl.db.DbSqlSession [Test worker] : performing create on engine with resource org/activiti/db/create/activiti.h2.create.engine.sql
2020-01-20 10:36:52.724 org.activiti.engine.impl.db.DbSqlSession [Test worker] : performing create on history with resource org/activiti/db/create/activiti.h2.create.history.sql
2020-01-20 10:36:52.727 org.activiti.engine.impl.db.DbSqlSession [Test worker] : performing create on identity with resource org/activiti/db/create/activiti.h2.create.identity.sql
2020-01-20 10:36:52.730 org.activiti.engine.impl.ProcessEngineImpl [Test worker] : ProcessEngine default created
2020-01-20 10:36:52.746 org.activiti.engine.impl.asyncexecutor.AbstractAsyncJobExecutor [SpringContextShutdownHook] : Shutting down the default async job executor [org.activiti.spring.SpringAsyncExecutor].
2020-01-20 10:36:52.746 org.activiti.engine.impl.asyncexecutor.AcquireAsyncJobsDueRunnable [Thread-6] : stopped async job due acquisition
2020-01-20 10:36:52.746 org.activiti.engine.impl.asyncexecutor.AcquireTimerJobsRunnable [Thread-5] : stopped async job due acquisition
2020-01-20 10:36:52.747 org.springframework.scheduling.concurrent.ThreadPoolTaskExecutor [SpringContextShutdownHook] : Shutting down ExecutorService 'applicationTaskExecutor'
2020-01-20 10:36:52.747 org.springframework.orm.jpa.LocalContainerEntityManagerFactoryBean [SpringContextShutdownHook] : Closing JPA EntityManagerFactory for persistence unit 'default'
2020-01-20 10:36:52.748 com.zaxxer.hikari.HikariDataSource [SpringContextShutdownHook] : HikariPool-1 - Shutdown initiated...
2020-01-20 10:36:52.756 com.zaxxer.hikari.HikariDataSource [SpringContextShutdownHook] : HikariPool-1 - Shutdown completed.
2020-01-20 10:53:47.883 com.lind.avtiviti.AvtivitiApplicationTests [Test worker] : Starting AvtivitiApplicationTests on BDYH-PC170 with PID 18868 (started by PC170 in D:\github\activiti)
2020-01-20 10:53:47.883 com.lind.avtiviti.AvtivitiApplicationTests [Test worker] : No active profile set, falling back to default profiles: default
2020-01-20 10:53:48.464 org.springframework.data.repository.config.RepositoryConfigurationDelegate [Test worker] : Bootstrapping Spring Data repositories in DEFAULT mode.
2020-01-20 10:53:48.486 org.springframework.data.repository.config.RepositoryConfigurationDelegate [Test worker] : Finished Spring Data repository scanning in 14ms. Found 0 repository interfaces.
2020-01-20 10:53:48.883 org.springframework.context.support.PostProcessorRegistrationDelegate$BeanPostProcessorChecker [Test worker] : Bean 'org.springframework.transaction.annotation.ProxyTransactionManagementConfiguration' of type [org.springframework.transaction.annotation.ProxyTransactionManagementConfiguration] is not eligible for getting processed by all BeanPostProcessors (for example: not eligible for auto-proxying)
2020-01-20 10:53:49.087 org.hibernate.jpa.internal.util.LogHelper [Test worker] : HHH000204: Processing PersistenceUnitInfo [name: default]
2020-01-20 10:53:49.166 org.hibernate.Version [Test worker] : HHH000412: Hibernate Core {5.4.6.Final}
2020-01-20 10:53:49.331 org.hibernate.annotations.common.Version [Test worker] : HCANN000001: Hibernate Commons Annotations {5.1.0.Final}
2020-01-20 10:53:49.433 com.zaxxer.hikari.HikariDataSource [Test worker] : HikariPool-1 - Starting...
2020-01-20 10:53:49.436 com.zaxxer.hikari.util.DriverDataSource [Test worker] : Registered driver with driverClassName=com.mysql.jdbc.Driver was not found, trying direct instantiation.
2020-01-20 10:53:49.572 com.zaxxer.hikari.HikariDataSource [Test worker] : HikariPool-1 - Start completed.
2020-01-20 10:53:49.596 org.hibernate.dialect.Dialect [Test worker] : HHH000400: Using dialect: org.hibernate.dialect.MySQL8Dialect
2020-01-20 10:53:49.823 org.hibernate.engine.transaction.jta.platform.internal.JtaPlatformInitiator [Test worker] : HHH000490: Using JtaPlatform implementation: [org.hibernate.engine.transaction.jta.platform.internal.NoJtaPlatform]
2020-01-20 10:53:49.831 org.springframework.orm.jpa.LocalContainerEntityManagerFactoryBean [Test worker] : Initialized JPA EntityManagerFactory for persistence unit 'default'
2020-01-20 10:53:49.986 org.springframework.scheduling.concurrent.ThreadPoolTaskExecutor [Test worker] : Initializing ExecutorService 'applicationTaskExecutor'
2020-01-20 10:53:50.696 org.activiti.engine.impl.ProcessEngineImpl [Test worker] : ProcessEngine default created
2020-01-20 10:53:50.698 org.activiti.engine.impl.asyncexecutor.AbstractAsyncJobExecutor [Test worker] : Starting up the default async job executor [org.activiti.spring.SpringAsyncExecutor].
2020-01-20 10:53:50.699 org.activiti.engine.impl.asyncexecutor.AcquireAsyncJobsDueRunnable [Thread-6] : starting to acquire async jobs due
2020-01-20 10:53:50.699 org.activiti.engine.impl.asyncexecutor.AcquireTimerJobsRunnable [Thread-5] : starting to acquire async jobs due
2020-01-20 10:53:50.989 org.springframework.boot.autoconfigure.orm.jpa.JpaBaseConfiguration$JpaWebConfiguration [Test worker] : spring.jpa.open-in-view is enabled by default. Therefore, database queries may be performed during view rendering. Explicitly configure spring.jpa.open-in-view to disable this warning
2020-01-20 10:53:51.613 org.springframework.boot.autoconfigure.security.servlet.UserDetailsServiceAutoConfiguration [Test worker] : 

Using generated security password: 3c7aa2d3-44fd-4189-b738-482e83afaca1

2020-01-20 10:53:51.819 org.springframework.security.web.DefaultSecurityFilterChain [Test worker] : Creating filter chain: any request, [org.springframework.security.web.context.request.async.WebAsyncManagerIntegrationFilter@a9c04d4, org.springframework.security.web.context.SecurityContextPersistenceFilter@5f58ecb8, org.springframework.security.web.header.HeaderWriterFilter@2e7ba263, org.springframework.security.web.csrf.CsrfFilter@3b435b33, org.springframework.security.web.authentication.logout.LogoutFilter@508cf26a, org.springframework.security.web.authentication.UsernamePasswordAuthenticationFilter@6fd64f9, org.springframework.security.web.authentication.ui.DefaultLoginPageGeneratingFilter@4ab6d808, org.springframework.security.web.authentication.ui.DefaultLogoutPageGeneratingFilter@73da7266, org.springframework.security.web.authentication.www.BasicAuthenticationFilter@6389abcf, org.springframework.security.web.savedrequest.RequestCacheAwareFilter@48f90a7, org.springframework.security.web.servletapi.SecurityContextHolderAwareRequestFilter@cc4a67e, org.springframework.security.web.authentication.AnonymousAuthenticationFilter@3e9ec0f9, org.springframework.security.web.session.SessionManagementFilter@790151aa, org.springframework.security.web.access.ExceptionTranslationFilter@7da587a1, org.springframework.security.web.access.intercept.FilterSecurityInterceptor@7600e9ec]
2020-01-20 10:53:51.902 com.lind.avtiviti.AvtivitiApplicationTests [Test worker] : Started AvtivitiApplicationTests in 4.406 seconds (JVM running for 6.086)
2020-01-20 10:53:52.279 org.activiti.engine.impl.db.DbSqlSession [Test worker] : performing create on engine with resource org/activiti/db/create/activiti.h2.create.engine.sql
2020-01-20 10:53:52.305 org.activiti.engine.impl.db.DbSqlSession [Test worker] : performing create on history with resource org/activiti/db/create/activiti.h2.create.history.sql
2020-01-20 10:53:52.308 org.activiti.engine.impl.db.DbSqlSession [Test worker] : performing create on identity with resource org/activiti/db/create/activiti.h2.create.identity.sql
2020-01-20 10:53:52.311 org.activiti.engine.impl.ProcessEngineImpl [Test worker] : ProcessEngine default created
2020-01-20 10:53:52.334 org.activiti.engine.impl.asyncexecutor.AbstractAsyncJobExecutor [SpringContextShutdownHook] : Shutting down the default async job executor [org.activiti.spring.SpringAsyncExecutor].
2020-01-20 10:53:52.334 org.activiti.engine.impl.asyncexecutor.AcquireTimerJobsRunnable [Thread-5] : stopped async job due acquisition
2020-01-20 10:53:52.335 org.activiti.engine.impl.asyncexecutor.AcquireAsyncJobsDueRunnable [Thread-6] : stopped async job due acquisition
2020-01-20 10:53:52.336 org.springframework.scheduling.concurrent.ThreadPoolTaskExecutor [SpringContextShutdownHook] : Shutting down ExecutorService 'applicationTaskExecutor'
2020-01-20 10:53:52.336 org.springframework.orm.jpa.LocalContainerEntityManagerFactoryBean [SpringContextShutdownHook] : Closing JPA EntityManagerFactory for persistence unit 'default'
2020-01-20 10:53:52.337 com.zaxxer.hikari.HikariDataSource [SpringContextShutdownHook] : HikariPool-1 - Shutdown initiated...
2020-01-20 10:53:52.343 com.zaxxer.hikari.HikariDataSource [SpringContextShutdownHook] : HikariPool-1 - Shutdown completed.
2020-01-20 10:54:03.706 com.lind.avtiviti.AvtivitiApplicationTests [Test worker] : Starting AvtivitiApplicationTests on BDYH-PC170 with PID 25876 (started by PC170 in D:\github\activiti)
2020-01-20 10:54:03.706 com.lind.avtiviti.AvtivitiApplicationTests [Test worker] : No active profile set, falling back to default profiles: default
2020-01-20 10:54:04.267 org.springframework.data.repository.config.RepositoryConfigurationDelegate [Test worker] : Bootstrapping Spring Data repositories in DEFAULT mode.
2020-01-20 10:54:04.290 org.springframework.data.repository.config.RepositoryConfigurationDelegate [Test worker] : Finished Spring Data repository scanning in 15ms. Found 0 repository interfaces.
2020-01-20 10:54:04.685 org.springframework.context.support.PostProcessorRegistrationDelegate$BeanPostProcessorChecker [Test worker] : Bean 'org.springframework.transaction.annotation.ProxyTransactionManagementConfiguration' of type [org.springframework.transaction.annotation.ProxyTransactionManagementConfiguration] is not eligible for getting processed by all BeanPostProcessors (for example: not eligible for auto-proxying)
2020-01-20 10:54:04.888 org.hibernate.jpa.internal.util.LogHelper [Test worker] : HHH000204: Processing PersistenceUnitInfo [name: default]
2020-01-20 10:54:04.964 org.hibernate.Version [Test worker] : HHH000412: Hibernate Core {5.4.6.Final}
2020-01-20 10:54:05.135 org.hibernate.annotations.common.Version [Test worker] : HCANN000001: Hibernate Commons Annotations {5.1.0.Final}
2020-01-20 10:54:05.237 com.zaxxer.hikari.HikariDataSource [Test worker] : HikariPool-1 - Starting...
2020-01-20 10:54:05.239 com.zaxxer.hikari.util.DriverDataSource [Test worker] : Registered driver with driverClassName=com.mysql.jdbc.Driver was not found, trying direct instantiation.
2020-01-20 10:54:05.381 com.zaxxer.hikari.HikariDataSource [Test worker] : HikariPool-1 - Start completed.
2020-01-20 10:54:05.406 org.hibernate.dialect.Dialect [Test worker] : HHH000400: Using dialect: org.hibernate.dialect.MySQL8Dialect
2020-01-20 10:54:05.636 org.hibernate.engine.transaction.jta.platform.internal.JtaPlatformInitiator [Test worker] : HHH000490: Using JtaPlatform implementation: [org.hibernate.engine.transaction.jta.platform.internal.NoJtaPlatform]
2020-01-20 10:54:05.644 org.springframework.orm.jpa.LocalContainerEntityManagerFactoryBean [Test worker] : Initialized JPA EntityManagerFactory for persistence unit 'default'
2020-01-20 10:54:05.800 org.springframework.scheduling.concurrent.ThreadPoolTaskExecutor [Test worker] : Initializing ExecutorService 'applicationTaskExecutor'
2020-01-20 10:54:06.517 org.activiti.engine.impl.ProcessEngineImpl [Test worker] : ProcessEngine default created
2020-01-20 10:54:06.519 org.activiti.engine.impl.asyncexecutor.AbstractAsyncJobExecutor [Test worker] : Starting up the default async job executor [org.activiti.spring.SpringAsyncExecutor].
2020-01-20 10:54:06.520 org.activiti.engine.impl.asyncexecutor.AcquireTimerJobsRunnable [Thread-5] : starting to acquire async jobs due
2020-01-20 10:54:06.520 org.activiti.engine.impl.asyncexecutor.AcquireAsyncJobsDueRunnable [Thread-6] : starting to acquire async jobs due
2020-01-20 10:54:06.814 org.springframework.boot.autoconfigure.orm.jpa.JpaBaseConfiguration$JpaWebConfiguration [Test worker] : spring.jpa.open-in-view is enabled by default. Therefore, database queries may be performed during view rendering. Explicitly configure spring.jpa.open-in-view to disable this warning
2020-01-20 10:54:07.435 org.springframework.boot.autoconfigure.security.servlet.UserDetailsServiceAutoConfiguration [Test worker] : 

Using generated security password: 115f3450-0b5e-4f08-82a2-31dfa5fdc222

2020-01-20 10:54:07.646 org.springframework.security.web.DefaultSecurityFilterChain [Test worker] : Creating filter chain: any request, [org.springframework.security.web.context.request.async.WebAsyncManagerIntegrationFilter@5332090e, org.springframework.security.web.context.SecurityContextPersistenceFilter@6429fb12, org.springframework.security.web.header.HeaderWriterFilter@e473e9c, org.springframework.security.web.csrf.CsrfFilter@4421bf5b, org.springframework.security.web.authentication.logout.LogoutFilter@4e707a9f, org.springframework.security.web.authentication.UsernamePasswordAuthenticationFilter@2f402f18, org.springframework.security.web.authentication.ui.DefaultLoginPageGeneratingFilter@64dedb80, org.springframework.security.web.authentication.ui.DefaultLogoutPageGeneratingFilter@e715fc7, org.springframework.security.web.authentication.www.BasicAuthenticationFilter@404a25e1, org.springframework.security.web.savedrequest.RequestCacheAwareFilter@7c5e75d7, org.springframework.security.web.servletapi.SecurityContextHolderAwareRequestFilter@69e9a459, org.springframework.security.web.authentication.AnonymousAuthenticationFilter@48483a0e, org.springframework.security.web.session.SessionManagementFilter@7bf707a1, org.springframework.security.web.access.ExceptionTranslationFilter@23e17e73, org.springframework.security.web.access.intercept.FilterSecurityInterceptor@29b907ee]
2020-01-20 10:54:07.727 com.lind.avtiviti.AvtivitiApplicationTests [Test worker] : Started AvtivitiApplicationTests in 4.399 seconds (JVM running for 6.024)
2020-01-20 10:54:08.204 org.activiti.engine.impl.db.DbSqlSession [Test worker] : performing create on engine with resource org/activiti/db/create/activiti.h2.create.engine.sql
2020-01-20 10:54:08.231 org.activiti.engine.impl.db.DbSqlSession [Test worker] : performing create on history with resource org/activiti/db/create/activiti.h2.create.history.sql
2020-01-20 10:54:08.236 org.activiti.engine.impl.db.DbSqlSession [Test worker] : performing create on identity with resource org/activiti/db/create/activiti.h2.create.identity.sql
2020-01-20 10:54:08.239 org.activiti.engine.impl.ProcessEngineImpl [Test worker] : ProcessEngine default created
2020-01-20 10:54:08.267 org.activiti.engine.impl.asyncexecutor.AbstractAsyncJobExecutor [SpringContextShutdownHook] : Shutting down the default async job executor [org.activiti.spring.SpringAsyncExecutor].
2020-01-20 10:54:08.267 org.activiti.engine.impl.asyncexecutor.AcquireTimerJobsRunnable [Thread-5] : stopped async job due acquisition
2020-01-20 10:54:08.267 org.activiti.engine.impl.asyncexecutor.AcquireAsyncJobsDueRunnable [Thread-6] : stopped async job due acquisition
2020-01-20 10:54:08.268 org.springframework.scheduling.concurrent.ThreadPoolTaskExecutor [SpringContextShutdownHook] : Shutting down ExecutorService 'applicationTaskExecutor'
2020-01-20 10:54:08.268 org.springframework.orm.jpa.LocalContainerEntityManagerFactoryBean [SpringContextShutdownHook] : Closing JPA EntityManagerFactory for persistence unit 'default'
2020-01-20 10:54:08.269 com.zaxxer.hikari.HikariDataSource [SpringContextShutdownHook] : HikariPool-1 - Shutdown initiated...
2020-01-20 10:54:08.277 com.zaxxer.hikari.HikariDataSource [SpringContextShutdownHook] : HikariPool-1 - Shutdown completed.
