2020-11-04 08:52:04.805 com.lind.avtiviti.AvtivitiApplicationTests [Test worker] : Starting AvtivitiApplicationTests on BDYH-PC170 with PID 34492 (started by PC170 in D:\github\activiti)
2020-11-04 08:52:04.806 com.lind.avtiviti.AvtivitiApplicationTests [Test worker] : No active profile set, falling back to default profiles: default
2020-11-04 08:52:05.511 org.springframework.data.repository.config.RepositoryConfigurationDelegate [Test worker] : Bootstrapping Spring Data repositories in DEFAULT mode.
2020-11-04 08:52:05.596 org.springframework.data.repository.config.RepositoryConfigurationDelegate [Test worker] : Finished Spring Data repository scanning in 78ms. Found 1 repository interfaces.
2020-11-04 08:52:05.925 org.springframework.context.support.PostProcessorRegistrationDelegate$BeanPostProcessorChecker [Test worker] : Bean 'org.springframework.transaction.annotation.ProxyTransactionManagementConfiguration' of type [org.springframework.transaction.annotation.ProxyTransactionManagementConfiguration] is not eligible for getting processed by all BeanPostProcessors (for example: not eligible for auto-proxying)
2020-11-04 08:52:06.215 org.hibernate.jpa.internal.util.LogHelper [Test worker] : HHH000204: Processing PersistenceUnitInfo [name: default]
2020-11-04 08:52:06.291 org.hibernate.Version [Test worker] : HHH000412: Hibernate Core {5.4.6.Final}
2020-11-04 08:52:06.456 org.hibernate.annotations.common.Version [Test worker] : HCANN000001: Hibernate Commons Annotations {5.1.0.Final}
2020-11-04 08:52:06.544 com.zaxxer.hikari.HikariDataSource [Test worker] : HikariPool-1 - Starting...
2020-11-04 08:52:06.717 com.zaxxer.hikari.HikariDataSource [Test worker] : HikariPool-1 - Start completed.
2020-11-04 08:52:06.737 org.hibernate.dialect.Dialect [Test worker] : HHH000400: Using dialect: org.hibernate.dialect.MySQL55Dialect
2020-11-04 08:52:07.405 org.hibernate.engine.transaction.jta.platform.internal.JtaPlatformInitiator [Test worker] : HHH000490: Using JtaPlatform implementation: [org.hibernate.engine.transaction.jta.platform.internal.NoJtaPlatform]
2020-11-04 08:52:07.411 org.springframework.orm.jpa.LocalContainerEntityManagerFactoryBean [Test worker] : Initialized JPA EntityManagerFactory for persistence unit 'default'
2020-11-04 08:52:07.561 org.springframework.scheduling.concurrent.ThreadPoolTaskExecutor [Test worker] : Initializing ExecutorService 'applicationTaskExecutor'
2020-11-04 08:52:08.366 org.activiti.engine.impl.ProcessEngineImpl [Test worker] : ProcessEngine default created
2020-11-04 08:52:08.367 org.activiti.engine.impl.asyncexecutor.AbstractAsyncJobExecutor [Test worker] : Starting up the default async job executor [org.activiti.spring.SpringAsyncExecutor].
2020-11-04 08:52:08.368 org.activiti.engine.impl.asyncexecutor.AcquireTimerJobsRunnable [Thread-5] : starting to acquire async jobs due
2020-11-04 08:52:08.368 org.activiti.engine.impl.asyncexecutor.AcquireAsyncJobsDueRunnable [Thread-6] : starting to acquire async jobs due
2020-11-04 08:52:08.881 org.springframework.boot.autoconfigure.orm.jpa.JpaBaseConfiguration$JpaWebConfiguration [Test worker] : spring.jpa.open-in-view is enabled by default. Therefore, database queries may be performed during view rendering. Explicitly configure spring.jpa.open-in-view to disable this warning
2020-11-04 08:52:09.570 com.lind.avtiviti.AvtivitiApplicationTests [Test worker] : Started AvtivitiApplicationTests in 5.144 seconds (JVM running for 6.717)
2020-11-04 08:52:09.890 org.activiti.engine.impl.ProcessEngineImpl [Test worker] : ProcessEngine default created
2020-11-04 08:52:10.116 org.activiti.engine.impl.ProcessEngineImpl [Test worker] : ProcessEngine default created
2020-11-04 08:52:10.294 org.activiti.engine.impl.ProcessEngineImpl [Test worker] : ProcessEngine default created
2020-11-04 08:52:10.564 org.activiti.engine.impl.ProcessEngineImpl [Test worker] : ProcessEngine default created
2020-11-04 08:52:10.755 org.activiti.engine.impl.ProcessEngineImpl [Test worker] : ProcessEngine default created
2020-11-04 08:52:10.918 org.activiti.engine.impl.ProcessEngineImpl [Test worker] : ProcessEngine default created
2020-11-04 08:52:11.204 org.activiti.engine.impl.ProcessEngineImpl [Test worker] : ProcessEngine default created
2020-11-04 08:52:11.218 org.activiti.engine.impl.bpmn.deployer.BpmnDeployer [Test worker] : Processing resource diagrams/leave.bpmn
2020-11-04 08:52:11.282 org.activiti.engine.impl.bpmn.deployer.BpmnDeployer [Test worker] : Processing resource diagrams/leave.png
2020-11-04 08:52:11.338 org.activiti.engine.impl.bpmn.deployer.BpmnDeployer [Test worker] : Processing resource diagrams/leave.bpmn
2020-11-04 08:52:11.369 org.activiti.engine.impl.bpmn.deployer.BpmnDeployer [Test worker] : Processing resource diagrams/leave.png
2020-11-04 08:52:11.547 org.activiti.engine.impl.ProcessEngineImpl [Test worker] : ProcessEngine default created
2020-11-04 08:52:11.560 org.springframework.boot.test.context.SpringBootTestContextBootstrapper [Test worker] : Neither @ContextConfiguration nor @ContextHierarchy found for test class [com.lind.avtiviti.AvtivitiApplicationTests], using SpringBootContextLoader
2020-11-04 08:52:11.560 org.springframework.test.context.support.AbstractContextLoader [Test worker] : Could not detect default resource locations for test class [com.lind.avtiviti.AvtivitiApplicationTests]: no resource found for suffixes {-context.xml, Context.groovy}.
2020-11-04 08:52:11.561 org.springframework.test.context.support.AnnotationConfigContextLoaderUtils [Test worker] : Could not detect default configuration classes for test class [com.lind.avtiviti.AvtivitiApplicationTests]: AvtivitiApplicationTests does not declare any static, non-private, non-final, nested classes annotated with @Configuration.
2020-11-04 08:52:11.562 org.springframework.boot.test.context.SpringBootTestContextBootstrapper [Test worker] : Found @SpringBootConfiguration com.lind.avtiviti.AvtivitiApplication for test class com.lind.avtiviti.AvtivitiApplicationTests
2020-11-04 08:52:11.564 org.springframework.boot.test.context.SpringBootTestContextBootstrapper [Test worker] : Loaded default TestExecutionListener class names from location [META-INF/spring.factories]: [org.springframework.boot.test.autoconfigure.restdocs.RestDocsTestExecutionListener, org.springframework.boot.test.autoconfigure.web.client.MockRestServiceServerResetTestExecutionListener, org.springframework.boot.test.autoconfigure.web.servlet.MockMvcPrintOnlyOnFailureTestExecutionListener, org.springframework.boot.test.autoconfigure.web.servlet.WebDriverTestExecutionListener, org.springframework.boot.test.mock.mockito.MockitoTestExecutionListener, org.springframework.boot.test.mock.mockito.ResetMocksTestExecutionListener, org.springframework.test.context.web.ServletTestExecutionListener, org.springframework.test.context.support.DirtiesContextBeforeModesTestExecutionListener, org.springframework.test.context.support.DependencyInjectionTestExecutionListener, org.springframework.test.context.support.DirtiesContextTestExecutionListener, org.springframework.test.context.transaction.TransactionalTestExecutionListener, org.springframework.test.context.jdbc.SqlScriptsTestExecutionListener, org.springframework.test.context.event.EventPublishingTestExecutionListener]
2020-11-04 08:52:11.564 org.springframework.boot.test.context.SpringBootTestContextBootstrapper [Test worker] : Using TestExecutionListeners: [org.springframework.test.context.web.ServletTestExecutionListener@15cc951b, org.springframework.test.context.support.DirtiesContextBeforeModesTestExecutionListener@3c413892, org.springframework.boot.test.mock.mockito.MockitoTestExecutionListener@16013c90, org.springframework.boot.test.autoconfigure.SpringBootDependencyInjectionTestExecutionListener@624b8c7e, org.springframework.test.context.support.DirtiesContextTestExecutionListener@13deb961, org.springframework.test.context.transaction.TransactionalTestExecutionListener@266e9620, org.springframework.test.context.jdbc.SqlScriptsTestExecutionListener@3914cbc1, org.springframework.test.context.event.EventPublishingTestExecutionListener@78288e1, org.springframework.boot.test.autoconfigure.restdocs.RestDocsTestExecutionListener@61712cc1, org.springframework.boot.test.autoconfigure.web.client.MockRestServiceServerResetTestExecutionListener@33fc7959, org.springframework.boot.test.autoconfigure.web.servlet.MockMvcPrintOnlyOnFailureTestExecutionListener@2ca9e624, org.springframework.boot.test.autoconfigure.web.servlet.WebDriverTestExecutionListener@3f7fb6d0, org.springframework.boot.test.mock.mockito.ResetMocksTestExecutionListener@570092da]
2020-11-04 08:52:11.722 org.activiti.engine.impl.ProcessEngineImpl [Test worker] : ProcessEngine default created
2020-11-04 08:52:11.875 org.activiti.engine.impl.ProcessEngineImpl [Test worker] : ProcessEngine default created
2020-11-04 08:52:11.879 org.activiti.engine.impl.bpmn.deployer.BpmnDeployer [Test worker] : Processing resource AskForLeave.bpmn
2020-11-04 08:52:12.375 org.activiti.engine.impl.db.DbSqlSession [Test worker] : performing create on engine with resource org/activiti/db/create/activiti.h2.create.engine.sql
2020-11-04 08:52:12.404 org.activiti.engine.impl.db.DbSqlSession [Test worker] : performing create on history with resource org/activiti/db/create/activiti.h2.create.history.sql
2020-11-04 08:52:12.408 org.activiti.engine.impl.db.DbSqlSession [Test worker] : performing create on identity with resource org/activiti/db/create/activiti.h2.create.identity.sql
2020-11-04 08:52:12.410 org.activiti.engine.impl.ProcessEngineImpl [Test worker] : ProcessEngine default created
2020-11-04 08:52:12.421 org.activiti.engine.impl.asyncexecutor.AbstractAsyncJobExecutor [SpringContextShutdownHook] : Shutting down the default async job executor [org.activiti.spring.SpringAsyncExecutor].
2020-11-04 08:52:12.425 org.activiti.engine.impl.asyncexecutor.AcquireTimerJobsRunnable [Thread-5] : stopped async job due acquisition
2020-11-04 08:52:12.426 org.activiti.engine.impl.asyncexecutor.AcquireAsyncJobsDueRunnable [Thread-6] : stopped async job due acquisition
2020-11-04 08:52:12.426 org.springframework.scheduling.concurrent.ThreadPoolTaskExecutor [SpringContextShutdownHook] : Shutting down ExecutorService 'applicationTaskExecutor'
2020-11-04 08:52:12.426 org.springframework.orm.jpa.LocalContainerEntityManagerFactoryBean [SpringContextShutdownHook] : Closing JPA EntityManagerFactory for persistence unit 'default'
2020-11-04 08:52:12.428 com.zaxxer.hikari.HikariDataSource [SpringContextShutdownHook] : HikariPool-1 - Shutdown initiated...
2020-11-04 08:52:12.431 com.zaxxer.hikari.HikariDataSource [SpringContextShutdownHook] : HikariPool-1 - Shutdown completed.
2020-11-04 10:18:42.383 com.lind.avtiviti.AvtivitiApplicationTests [Test worker] : Starting AvtivitiApplicationTests on BDYH-PC170 with PID 31860 (started by PC170 in D:\github\activiti)
2020-11-04 10:18:42.384 com.lind.avtiviti.AvtivitiApplicationTests [Test worker] : No active profile set, falling back to default profiles: default
2020-11-04 10:18:43.042 org.springframework.data.repository.config.RepositoryConfigurationDelegate [Test worker] : Bootstrapping Spring Data repositories in DEFAULT mode.
2020-11-04 10:18:43.126 org.springframework.data.repository.config.RepositoryConfigurationDelegate [Test worker] : Finished Spring Data repository scanning in 76ms. Found 1 repository interfaces.
2020-11-04 10:18:43.443 org.springframework.context.support.PostProcessorRegistrationDelegate$BeanPostProcessorChecker [Test worker] : Bean 'org.springframework.transaction.annotation.ProxyTransactionManagementConfiguration' of type [org.springframework.transaction.annotation.ProxyTransactionManagementConfiguration] is not eligible for getting processed by all BeanPostProcessors (for example: not eligible for auto-proxying)
2020-11-04 10:18:43.624 org.hibernate.jpa.internal.util.LogHelper [Test worker] : HHH000204: Processing PersistenceUnitInfo [name: default]
2020-11-04 10:18:43.689 org.hibernate.Version [Test worker] : HHH000412: Hibernate Core {5.4.6.Final}
2020-11-04 10:18:43.843 org.hibernate.annotations.common.Version [Test worker] : HCANN000001: Hibernate Commons Annotations {5.1.0.Final}
2020-11-04 10:18:43.929 com.zaxxer.hikari.HikariDataSource [Test worker] : HikariPool-1 - Starting...
2020-11-04 10:18:44.100 com.zaxxer.hikari.HikariDataSource [Test worker] : HikariPool-1 - Start completed.
2020-11-04 10:18:44.120 org.hibernate.dialect.Dialect [Test worker] : HHH000400: Using dialect: org.hibernate.dialect.MySQL55Dialect
2020-11-04 10:18:44.797 org.hibernate.engine.transaction.jta.platform.internal.JtaPlatformInitiator [Test worker] : HHH000490: Using JtaPlatform implementation: [org.hibernate.engine.transaction.jta.platform.internal.NoJtaPlatform]
2020-11-04 10:18:44.804 org.springframework.orm.jpa.LocalContainerEntityManagerFactoryBean [Test worker] : Initialized JPA EntityManagerFactory for persistence unit 'default'
2020-11-04 10:18:44.953 org.springframework.scheduling.concurrent.ThreadPoolTaskExecutor [Test worker] : Initializing ExecutorService 'applicationTaskExecutor'
2020-11-04 10:18:45.765 org.activiti.engine.impl.ProcessEngineImpl [Test worker] : ProcessEngine default created
2020-11-04 10:18:45.769 org.activiti.engine.impl.asyncexecutor.AbstractAsyncJobExecutor [Test worker] : Starting up the default async job executor [org.activiti.spring.SpringAsyncExecutor].
2020-11-04 10:18:45.770 org.activiti.engine.impl.asyncexecutor.AcquireAsyncJobsDueRunnable [Thread-6] : starting to acquire async jobs due
2020-11-04 10:18:45.770 org.activiti.engine.impl.asyncexecutor.AcquireTimerJobsRunnable [Thread-5] : starting to acquire async jobs due
2020-11-04 10:18:46.294 org.springframework.boot.autoconfigure.orm.jpa.JpaBaseConfiguration$JpaWebConfiguration [Test worker] : spring.jpa.open-in-view is enabled by default. Therefore, database queries may be performed during view rendering. Explicitly configure spring.jpa.open-in-view to disable this warning
2020-11-04 10:18:46.958 com.lind.avtiviti.AvtivitiApplicationTests [Test worker] : Started AvtivitiApplicationTests in 4.958 seconds (JVM running for 6.417)
2020-11-04 10:18:47.298 org.activiti.engine.impl.ProcessEngineImpl [Test worker] : ProcessEngine default created
2020-11-04 10:18:47.566 org.activiti.engine.impl.ProcessEngineImpl [Test worker] : ProcessEngine default created
2020-11-04 10:18:47.774 org.activiti.engine.impl.ProcessEngineImpl [Test worker] : ProcessEngine default created
2020-11-04 10:18:48.113 org.activiti.engine.impl.ProcessEngineImpl [Test worker] : ProcessEngine default created
2020-11-04 10:18:48.329 org.activiti.engine.impl.ProcessEngineImpl [Test worker] : ProcessEngine default created
2020-11-04 10:18:48.482 org.activiti.engine.impl.ProcessEngineImpl [Test worker] : ProcessEngine default created
2020-11-04 10:18:48.741 org.activiti.engine.impl.ProcessEngineImpl [Test worker] : ProcessEngine default created
2020-11-04 10:18:48.757 org.activiti.engine.impl.bpmn.deployer.BpmnDeployer [Test worker] : Processing resource diagrams/leave.bpmn
2020-11-04 10:18:48.821 org.activiti.engine.impl.bpmn.deployer.BpmnDeployer [Test worker] : Processing resource diagrams/leave.png
2020-11-04 10:18:48.860 org.activiti.engine.impl.bpmn.deployer.BpmnDeployer [Test worker] : Processing resource diagrams/leave.bpmn
2020-11-04 10:18:48.890 org.activiti.engine.impl.bpmn.deployer.BpmnDeployer [Test worker] : Processing resource diagrams/leave.png
2020-11-04 10:18:49.076 org.activiti.engine.impl.ProcessEngineImpl [Test worker] : ProcessEngine default created
2020-11-04 10:18:49.103 org.springframework.boot.test.context.SpringBootTestContextBootstrapper [Test worker] : Neither @ContextConfiguration nor @ContextHierarchy found for test class [com.lind.avtiviti.AvtivitiApplicationTests], using SpringBootContextLoader
2020-11-04 10:18:49.104 org.springframework.test.context.support.AbstractContextLoader [Test worker] : Could not detect default resource locations for test class [com.lind.avtiviti.AvtivitiApplicationTests]: no resource found for suffixes {-context.xml, Context.groovy}.
2020-11-04 10:18:49.104 org.springframework.test.context.support.AnnotationConfigContextLoaderUtils [Test worker] : Could not detect default configuration classes for test class [com.lind.avtiviti.AvtivitiApplicationTests]: AvtivitiApplicationTests does not declare any static, non-private, non-final, nested classes annotated with @Configuration.
2020-11-04 10:18:49.107 org.springframework.boot.test.context.SpringBootTestContextBootstrapper [Test worker] : Found @SpringBootConfiguration com.lind.avtiviti.AvtivitiApplication for test class com.lind.avtiviti.AvtivitiApplicationTests
2020-11-04 10:18:49.109 org.springframework.boot.test.context.SpringBootTestContextBootstrapper [Test worker] : Loaded default TestExecutionListener class names from location [META-INF/spring.factories]: [org.springframework.boot.test.autoconfigure.restdocs.RestDocsTestExecutionListener, org.springframework.boot.test.autoconfigure.web.client.MockRestServiceServerResetTestExecutionListener, org.springframework.boot.test.autoconfigure.web.servlet.MockMvcPrintOnlyOnFailureTestExecutionListener, org.springframework.boot.test.autoconfigure.web.servlet.WebDriverTestExecutionListener, org.springframework.boot.test.mock.mockito.MockitoTestExecutionListener, org.springframework.boot.test.mock.mockito.ResetMocksTestExecutionListener, org.springframework.test.context.web.ServletTestExecutionListener, org.springframework.test.context.support.DirtiesContextBeforeModesTestExecutionListener, org.springframework.test.context.support.DependencyInjectionTestExecutionListener, org.springframework.test.context.support.DirtiesContextTestExecutionListener, org.springframework.test.context.transaction.TransactionalTestExecutionListener, org.springframework.test.context.jdbc.SqlScriptsTestExecutionListener, org.springframework.test.context.event.EventPublishingTestExecutionListener]
2020-11-04 10:18:49.110 org.springframework.boot.test.context.SpringBootTestContextBootstrapper [Test worker] : Using TestExecutionListeners: [org.springframework.test.context.web.ServletTestExecutionListener@61712cc1, org.springframework.test.context.support.DirtiesContextBeforeModesTestExecutionListener@33fc7959, org.springframework.boot.test.mock.mockito.MockitoTestExecutionListener@2ca9e624, org.springframework.boot.test.autoconfigure.SpringBootDependencyInjectionTestExecutionListener@3f7fb6d0, org.springframework.test.context.support.DirtiesContextTestExecutionListener@570092da, org.springframework.test.context.transaction.TransactionalTestExecutionListener@7660fd2, org.springframework.test.context.jdbc.SqlScriptsTestExecutionListener@641d41dc, org.springframework.test.context.event.EventPublishingTestExecutionListener@2696b2b9, org.springframework.boot.test.autoconfigure.restdocs.RestDocsTestExecutionListener@75d362f3, org.springframework.boot.test.autoconfigure.web.client.MockRestServiceServerResetTestExecutionListener@427cfb04, org.springframework.boot.test.autoconfigure.web.servlet.MockMvcPrintOnlyOnFailureTestExecutionListener@4ce14136, org.springframework.boot.test.autoconfigure.web.servlet.WebDriverTestExecutionListener@5f712169, org.springframework.boot.test.mock.mockito.ResetMocksTestExecutionListener@31db148e]
2020-11-04 10:18:49.273 org.activiti.engine.impl.ProcessEngineImpl [Test worker] : ProcessEngine default created
2020-11-04 10:18:49.434 org.activiti.engine.impl.ProcessEngineImpl [Test worker] : ProcessEngine default created
2020-11-04 10:18:49.438 org.activiti.engine.impl.bpmn.deployer.BpmnDeployer [Test worker] : Processing resource AskForLeave.bpmn
2020-11-04 10:18:49.937 org.activiti.engine.impl.db.DbSqlSession [Test worker] : performing create on engine with resource org/activiti/db/create/activiti.h2.create.engine.sql
2020-11-04 10:18:49.965 org.activiti.engine.impl.db.DbSqlSession [Test worker] : performing create on history with resource org/activiti/db/create/activiti.h2.create.history.sql
2020-11-04 10:18:49.969 org.activiti.engine.impl.db.DbSqlSession [Test worker] : performing create on identity with resource org/activiti/db/create/activiti.h2.create.identity.sql
2020-11-04 10:18:49.971 org.activiti.engine.impl.ProcessEngineImpl [Test worker] : ProcessEngine default created
2020-11-04 10:18:49.982 org.activiti.engine.impl.asyncexecutor.AbstractAsyncJobExecutor [SpringContextShutdownHook] : Shutting down the default async job executor [org.activiti.spring.SpringAsyncExecutor].
2020-11-04 10:18:49.982 org.activiti.engine.impl.asyncexecutor.AcquireTimerJobsRunnable [Thread-5] : stopped async job due acquisition
2020-11-04 10:18:49.982 org.activiti.engine.impl.asyncexecutor.AcquireAsyncJobsDueRunnable [Thread-6] : stopped async job due acquisition
2020-11-04 10:18:49.983 org.springframework.scheduling.concurrent.ThreadPoolTaskExecutor [SpringContextShutdownHook] : Shutting down ExecutorService 'applicationTaskExecutor'
2020-11-04 10:18:49.983 org.springframework.orm.jpa.LocalContainerEntityManagerFactoryBean [SpringContextShutdownHook] : Closing JPA EntityManagerFactory for persistence unit 'default'
2020-11-04 10:18:49.984 com.zaxxer.hikari.HikariDataSource [SpringContextShutdownHook] : HikariPool-1 - Shutdown initiated...
2020-11-04 10:18:49.987 com.zaxxer.hikari.HikariDataSource [SpringContextShutdownHook] : HikariPool-1 - Shutdown completed.
2020-11-04 10:21:29.235 com.lind.avtiviti.AvtivitiApplicationTests [Test worker] : Starting AvtivitiApplicationTests on BDYH-PC170 with PID 8232 (started by PC170 in D:\github\activiti)
2020-11-04 10:21:29.236 com.lind.avtiviti.AvtivitiApplicationTests [Test worker] : No active profile set, falling back to default profiles: default
2020-11-04 10:21:29.948 org.springframework.data.repository.config.RepositoryConfigurationDelegate [Test worker] : Bootstrapping Spring Data repositories in DEFAULT mode.
2020-11-04 10:21:30.038 org.springframework.data.repository.config.RepositoryConfigurationDelegate [Test worker] : Finished Spring Data repository scanning in 82ms. Found 1 repository interfaces.
2020-11-04 10:21:30.358 org.springframework.context.support.PostProcessorRegistrationDelegate$BeanPostProcessorChecker [Test worker] : Bean 'org.springframework.transaction.annotation.ProxyTransactionManagementConfiguration' of type [org.springframework.transaction.annotation.ProxyTransactionManagementConfiguration] is not eligible for getting processed by all BeanPostProcessors (for example: not eligible for auto-proxying)
2020-11-04 10:21:30.538 org.hibernate.jpa.internal.util.LogHelper [Test worker] : HHH000204: Processing PersistenceUnitInfo [name: default]
2020-11-04 10:21:30.606 org.hibernate.Version [Test worker] : HHH000412: Hibernate Core {5.4.6.Final}
2020-11-04 10:21:30.763 org.hibernate.annotations.common.Version [Test worker] : HCANN000001: Hibernate Commons Annotations {5.1.0.Final}
2020-11-04 10:21:30.847 com.zaxxer.hikari.HikariDataSource [Test worker] : HikariPool-1 - Starting...
2020-11-04 10:21:31.021 com.zaxxer.hikari.HikariDataSource [Test worker] : HikariPool-1 - Start completed.
2020-11-04 10:21:31.041 org.hibernate.dialect.Dialect [Test worker] : HHH000400: Using dialect: org.hibernate.dialect.MySQL55Dialect
2020-11-04 10:21:31.684 org.hibernate.engine.transaction.jta.platform.internal.JtaPlatformInitiator [Test worker] : HHH000490: Using JtaPlatform implementation: [org.hibernate.engine.transaction.jta.platform.internal.NoJtaPlatform]
2020-11-04 10:21:31.690 org.springframework.orm.jpa.LocalContainerEntityManagerFactoryBean [Test worker] : Initialized JPA EntityManagerFactory for persistence unit 'default'
2020-11-04 10:21:31.846 org.springframework.scheduling.concurrent.ThreadPoolTaskExecutor [Test worker] : Initializing ExecutorService 'applicationTaskExecutor'
2020-11-04 10:21:32.614 org.activiti.engine.impl.ProcessEngineImpl [Test worker] : ProcessEngine default created
2020-11-04 10:21:32.615 org.activiti.engine.impl.asyncexecutor.AbstractAsyncJobExecutor [Test worker] : Starting up the default async job executor [org.activiti.spring.SpringAsyncExecutor].
2020-11-04 10:21:32.616 org.activiti.engine.impl.asyncexecutor.AcquireAsyncJobsDueRunnable [Thread-6] : starting to acquire async jobs due
2020-11-04 10:21:32.616 org.activiti.engine.impl.asyncexecutor.AcquireTimerJobsRunnable [Thread-5] : starting to acquire async jobs due
2020-11-04 10:21:33.140 org.springframework.boot.autoconfigure.orm.jpa.JpaBaseConfiguration$JpaWebConfiguration [Test worker] : spring.jpa.open-in-view is enabled by default. Therefore, database queries may be performed during view rendering. Explicitly configure spring.jpa.open-in-view to disable this warning
2020-11-04 10:21:33.798 com.lind.avtiviti.AvtivitiApplicationTests [Test worker] : Started AvtivitiApplicationTests in 4.927 seconds (JVM running for 6.385)
2020-11-04 10:21:34.183 org.activiti.engine.impl.ProcessEngineImpl [Test worker] : ProcessEngine default created
2020-11-04 10:21:34.420 org.activiti.engine.impl.ProcessEngineImpl [Test worker] : ProcessEngine default created
2020-11-04 10:21:34.599 org.activiti.engine.impl.ProcessEngineImpl [Test worker] : ProcessEngine default created
2020-11-04 10:21:34.899 org.activiti.engine.impl.ProcessEngineImpl [Test worker] : ProcessEngine default created
2020-11-04 10:21:35.079 org.activiti.engine.impl.ProcessEngineImpl [Test worker] : ProcessEngine default created
2020-11-04 10:21:35.214 org.activiti.engine.impl.ProcessEngineImpl [Test worker] : ProcessEngine default created
2020-11-04 10:21:35.428 org.activiti.engine.impl.ProcessEngineImpl [Test worker] : ProcessEngine default created
2020-11-04 10:21:35.440 org.activiti.engine.impl.bpmn.deployer.BpmnDeployer [Test worker] : Processing resource diagrams/leave.bpmn
2020-11-04 10:21:35.499 org.activiti.engine.impl.bpmn.deployer.BpmnDeployer [Test worker] : Processing resource diagrams/leave.png
2020-11-04 10:21:35.555 org.activiti.engine.impl.bpmn.deployer.BpmnDeployer [Test worker] : Processing resource diagrams/leave.bpmn
2020-11-04 10:21:35.585 org.activiti.engine.impl.bpmn.deployer.BpmnDeployer [Test worker] : Processing resource diagrams/leave.png
2020-11-04 10:21:35.805 org.activiti.engine.impl.ProcessEngineImpl [Test worker] : ProcessEngine default created
2020-11-04 10:21:35.816 org.springframework.boot.test.context.SpringBootTestContextBootstrapper [Test worker] : Neither @ContextConfiguration nor @ContextHierarchy found for test class [com.lind.avtiviti.AvtivitiApplicationTests], using SpringBootContextLoader
2020-11-04 10:21:35.817 org.springframework.test.context.support.AbstractContextLoader [Test worker] : Could not detect default resource locations for test class [com.lind.avtiviti.AvtivitiApplicationTests]: no resource found for suffixes {-context.xml, Context.groovy}.
2020-11-04 10:21:35.817 org.springframework.test.context.support.AnnotationConfigContextLoaderUtils [Test worker] : Could not detect default configuration classes for test class [com.lind.avtiviti.AvtivitiApplicationTests]: AvtivitiApplicationTests does not declare any static, non-private, non-final, nested classes annotated with @Configuration.
2020-11-04 10:21:35.818 org.springframework.boot.test.context.SpringBootTestContextBootstrapper [Test worker] : Found @SpringBootConfiguration com.lind.avtiviti.AvtivitiApplication for test class com.lind.avtiviti.AvtivitiApplicationTests
2020-11-04 10:21:35.820 org.springframework.boot.test.context.SpringBootTestContextBootstrapper [Test worker] : Loaded default TestExecutionListener class names from location [META-INF/spring.factories]: [org.springframework.boot.test.autoconfigure.restdocs.RestDocsTestExecutionListener, org.springframework.boot.test.autoconfigure.web.client.MockRestServiceServerResetTestExecutionListener, org.springframework.boot.test.autoconfigure.web.servlet.MockMvcPrintOnlyOnFailureTestExecutionListener, org.springframework.boot.test.autoconfigure.web.servlet.WebDriverTestExecutionListener, org.springframework.boot.test.mock.mockito.MockitoTestExecutionListener, org.springframework.boot.test.mock.mockito.ResetMocksTestExecutionListener, org.springframework.test.context.web.ServletTestExecutionListener, org.springframework.test.context.support.DirtiesContextBeforeModesTestExecutionListener, org.springframework.test.context.support.DependencyInjectionTestExecutionListener, org.springframework.test.context.support.DirtiesContextTestExecutionListener, org.springframework.test.context.transaction.TransactionalTestExecutionListener, org.springframework.test.context.jdbc.SqlScriptsTestExecutionListener, org.springframework.test.context.event.EventPublishingTestExecutionListener]
2020-11-04 10:21:35.820 org.springframework.boot.test.context.SpringBootTestContextBootstrapper [Test worker] : Using TestExecutionListeners: [org.springframework.test.context.web.ServletTestExecutionListener@624b8c7e, org.springframework.test.context.support.DirtiesContextBeforeModesTestExecutionListener@13deb961, org.springframework.boot.test.mock.mockito.MockitoTestExecutionListener@266e9620, org.springframework.boot.test.autoconfigure.SpringBootDependencyInjectionTestExecutionListener@3914cbc1, org.springframework.test.context.support.DirtiesContextTestExecutionListener@78288e1, org.springframework.test.context.transaction.TransactionalTestExecutionListener@61712cc1, org.springframework.test.context.jdbc.SqlScriptsTestExecutionListener@33fc7959, org.springframework.test.context.event.EventPublishingTestExecutionListener@2ca9e624, org.springframework.boot.test.autoconfigure.restdocs.RestDocsTestExecutionListener@3f7fb6d0, org.springframework.boot.test.autoconfigure.web.client.MockRestServiceServerResetTestExecutionListener@570092da, org.springframework.boot.test.autoconfigure.web.servlet.MockMvcPrintOnlyOnFailureTestExecutionListener@7660fd2, org.springframework.boot.test.autoconfigure.web.servlet.WebDriverTestExecutionListener@641d41dc, org.springframework.boot.test.mock.mockito.ResetMocksTestExecutionListener@2696b2b9]
2020-11-04 10:21:35.983 org.activiti.engine.impl.ProcessEngineImpl [Test worker] : ProcessEngine default created
2020-11-04 10:21:36.133 org.activiti.engine.impl.ProcessEngineImpl [Test worker] : ProcessEngine default created
2020-11-04 10:21:36.136 org.activiti.engine.impl.bpmn.deployer.BpmnDeployer [Test worker] : Processing resource AskForLeave.bpmn
2020-11-04 10:21:36.623 org.activiti.engine.impl.db.DbSqlSession [Test worker] : performing create on engine with resource org/activiti/db/create/activiti.h2.create.engine.sql
2020-11-04 10:21:36.652 org.activiti.engine.impl.db.DbSqlSession [Test worker] : performing create on history with resource org/activiti/db/create/activiti.h2.create.history.sql
2020-11-04 10:21:36.655 org.activiti.engine.impl.db.DbSqlSession [Test worker] : performing create on identity with resource org/activiti/db/create/activiti.h2.create.identity.sql
2020-11-04 10:21:36.658 org.activiti.engine.impl.ProcessEngineImpl [Test worker] : ProcessEngine default created
2020-11-04 10:21:36.674 org.activiti.engine.impl.asyncexecutor.AbstractAsyncJobExecutor [SpringContextShutdownHook] : Shutting down the default async job executor [org.activiti.spring.SpringAsyncExecutor].
2020-11-04 10:21:36.674 org.activiti.engine.impl.asyncexecutor.AcquireAsyncJobsDueRunnable [Thread-6] : stopped async job due acquisition
2020-11-04 10:21:36.674 org.activiti.engine.impl.asyncexecutor.AcquireTimerJobsRunnable [Thread-5] : stopped async job due acquisition
2020-11-04 10:21:36.675 org.springframework.scheduling.concurrent.ThreadPoolTaskExecutor [SpringContextShutdownHook] : Shutting down ExecutorService 'applicationTaskExecutor'
2020-11-04 10:21:36.675 org.springframework.orm.jpa.LocalContainerEntityManagerFactoryBean [SpringContextShutdownHook] : Closing JPA EntityManagerFactory for persistence unit 'default'
2020-11-04 10:21:36.676 com.zaxxer.hikari.HikariDataSource [SpringContextShutdownHook] : HikariPool-1 - Shutdown initiated...
2020-11-04 10:21:36.679 com.zaxxer.hikari.HikariDataSource [SpringContextShutdownHook] : HikariPool-1 - Shutdown completed.
2020-11-04 11:28:56.363 com.lind.avtiviti.AvtivitiApplicationTests [Test worker] : Starting AvtivitiApplicationTests on BDYH-PC170 with PID 32136 (started by PC170 in D:\github\activiti)
2020-11-04 11:28:56.364 com.lind.avtiviti.AvtivitiApplicationTests [Test worker] : No active profile set, falling back to default profiles: default
2020-11-04 11:28:57.203 org.springframework.data.repository.config.RepositoryConfigurationDelegate [Test worker] : Bootstrapping Spring Data repositories in DEFAULT mode.
2020-11-04 11:28:57.298 org.springframework.data.repository.config.RepositoryConfigurationDelegate [Test worker] : Finished Spring Data repository scanning in 87ms. Found 1 repository interfaces.
2020-11-04 11:28:57.656 org.springframework.context.support.PostProcessorRegistrationDelegate$BeanPostProcessorChecker [Test worker] : Bean 'org.springframework.transaction.annotation.ProxyTransactionManagementConfiguration' of type [org.springframework.transaction.annotation.ProxyTransactionManagementConfiguration] is not eligible for getting processed by all BeanPostProcessors (for example: not eligible for auto-proxying)
2020-11-04 11:28:57.872 org.hibernate.jpa.internal.util.LogHelper [Test worker] : HHH000204: Processing PersistenceUnitInfo [name: default]
2020-11-04 11:28:57.939 org.hibernate.Version [Test worker] : HHH000412: Hibernate Core {5.4.6.Final}
2020-11-04 11:28:58.097 org.hibernate.annotations.common.Version [Test worker] : HCANN000001: Hibernate Commons Annotations {5.1.0.Final}
2020-11-04 11:28:58.186 com.zaxxer.hikari.HikariDataSource [Test worker] : HikariPool-1 - Starting...
2020-11-04 11:28:58.356 com.zaxxer.hikari.HikariDataSource [Test worker] : HikariPool-1 - Start completed.
2020-11-04 11:28:58.376 org.hibernate.dialect.Dialect [Test worker] : HHH000400: Using dialect: org.hibernate.dialect.MySQL55Dialect
2020-11-04 11:28:59.043 org.hibernate.engine.transaction.jta.platform.internal.JtaPlatformInitiator [Test worker] : HHH000490: Using JtaPlatform implementation: [org.hibernate.engine.transaction.jta.platform.internal.NoJtaPlatform]
2020-11-04 11:28:59.050 org.springframework.orm.jpa.LocalContainerEntityManagerFactoryBean [Test worker] : Initialized JPA EntityManagerFactory for persistence unit 'default'
2020-11-04 11:28:59.197 org.springframework.scheduling.concurrent.ThreadPoolTaskExecutor [Test worker] : Initializing ExecutorService 'applicationTaskExecutor'
2020-11-04 11:28:59.987 org.activiti.engine.impl.ProcessEngineImpl [Test worker] : ProcessEngine default created
2020-11-04 11:28:59.989 org.activiti.engine.impl.asyncexecutor.AbstractAsyncJobExecutor [Test worker] : Starting up the default async job executor [org.activiti.spring.SpringAsyncExecutor].
2020-11-04 11:28:59.990 org.activiti.engine.impl.asyncexecutor.AcquireTimerJobsRunnable [Thread-5] : starting to acquire async jobs due
2020-11-04 11:28:59.990 org.activiti.engine.impl.asyncexecutor.AcquireAsyncJobsDueRunnable [Thread-6] : starting to acquire async jobs due
2020-11-04 11:29:00.495 org.springframework.boot.autoconfigure.orm.jpa.JpaBaseConfiguration$JpaWebConfiguration [Test worker] : spring.jpa.open-in-view is enabled by default. Therefore, database queries may be performed during view rendering. Explicitly configure spring.jpa.open-in-view to disable this warning
2020-11-04 11:29:01.151 com.lind.avtiviti.AvtivitiApplicationTests [Test worker] : Started AvtivitiApplicationTests in 5.268 seconds (JVM running for 6.86)
2020-11-04 11:29:01.498 org.activiti.engine.impl.ProcessEngineImpl [Test worker] : ProcessEngine default created
2020-11-04 11:29:01.731 org.activiti.engine.impl.ProcessEngineImpl [Test worker] : ProcessEngine default created
2020-11-04 11:29:01.903 org.activiti.engine.impl.ProcessEngineImpl [Test worker] : ProcessEngine default created
2020-11-04 11:29:02.168 org.activiti.engine.impl.ProcessEngineImpl [Test worker] : ProcessEngine default created
2020-11-04 11:29:02.404 org.activiti.engine.impl.ProcessEngineImpl [Test worker] : ProcessEngine default created
2020-11-04 11:29:02.554 org.activiti.engine.impl.ProcessEngineImpl [Test worker] : ProcessEngine default created
2020-11-04 11:29:02.782 org.activiti.engine.impl.ProcessEngineImpl [Test worker] : ProcessEngine default created
2020-11-04 11:29:02.799 org.activiti.engine.impl.bpmn.deployer.BpmnDeployer [Test worker] : Processing resource diagrams/leave.bpmn
2020-11-04 11:29:02.860 org.activiti.engine.impl.bpmn.deployer.BpmnDeployer [Test worker] : Processing resource diagrams/leave.png
2020-11-04 11:29:02.923 org.activiti.engine.impl.bpmn.deployer.BpmnDeployer [Test worker] : Processing resource diagrams/leave.bpmn
2020-11-04 11:29:02.953 org.activiti.engine.impl.bpmn.deployer.BpmnDeployer [Test worker] : Processing resource diagrams/leave.png
2020-11-04 11:29:03.143 org.activiti.engine.impl.ProcessEngineImpl [Test worker] : ProcessEngine default created
2020-11-04 11:29:03.153 org.springframework.boot.test.context.SpringBootTestContextBootstrapper [Test worker] : Neither @ContextConfiguration nor @ContextHierarchy found for test class [com.lind.avtiviti.AvtivitiApplicationTests], using SpringBootContextLoader
2020-11-04 11:29:03.154 org.springframework.test.context.support.AbstractContextLoader [Test worker] : Could not detect default resource locations for test class [com.lind.avtiviti.AvtivitiApplicationTests]: no resource found for suffixes {-context.xml, Context.groovy}.
2020-11-04 11:29:03.154 org.springframework.test.context.support.AnnotationConfigContextLoaderUtils [Test worker] : Could not detect default configuration classes for test class [com.lind.avtiviti.AvtivitiApplicationTests]: AvtivitiApplicationTests does not declare any static, non-private, non-final, nested classes annotated with @Configuration.
2020-11-04 11:29:03.156 org.springframework.boot.test.context.SpringBootTestContextBootstrapper [Test worker] : Found @SpringBootConfiguration com.lind.avtiviti.AvtivitiApplication for test class com.lind.avtiviti.AvtivitiApplicationTests
2020-11-04 11:29:03.157 org.springframework.boot.test.context.SpringBootTestContextBootstrapper [Test worker] : Loaded default TestExecutionListener class names from location [META-INF/spring.factories]: [org.springframework.boot.test.autoconfigure.restdocs.RestDocsTestExecutionListener, org.springframework.boot.test.autoconfigure.web.client.MockRestServiceServerResetTestExecutionListener, org.springframework.boot.test.autoconfigure.web.servlet.MockMvcPrintOnlyOnFailureTestExecutionListener, org.springframework.boot.test.autoconfigure.web.servlet.WebDriverTestExecutionListener, org.springframework.boot.test.mock.mockito.MockitoTestExecutionListener, org.springframework.boot.test.mock.mockito.ResetMocksTestExecutionListener, org.springframework.test.context.web.ServletTestExecutionListener, org.springframework.test.context.support.DirtiesContextBeforeModesTestExecutionListener, org.springframework.test.context.support.DependencyInjectionTestExecutionListener, org.springframework.test.context.support.DirtiesContextTestExecutionListener, org.springframework.test.context.transaction.TransactionalTestExecutionListener, org.springframework.test.context.jdbc.SqlScriptsTestExecutionListener, org.springframework.test.context.event.EventPublishingTestExecutionListener]
2020-11-04 11:29:03.157 org.springframework.boot.test.context.SpringBootTestContextBootstrapper [Test worker] : Using TestExecutionListeners: [org.springframework.test.context.web.ServletTestExecutionListener@4ce14136, org.springframework.test.context.support.DirtiesContextBeforeModesTestExecutionListener@5f712169, org.springframework.boot.test.mock.mockito.MockitoTestExecutionListener@31db148e, org.springframework.boot.test.autoconfigure.SpringBootDependencyInjectionTestExecutionListener@14da6d6a, org.springframework.test.context.support.DirtiesContextTestExecutionListener@52f46636, org.springframework.test.context.transaction.TransactionalTestExecutionListener@4587f68, org.springframework.test.context.jdbc.SqlScriptsTestExecutionListener@6dce7409, org.springframework.test.context.event.EventPublishingTestExecutionListener@2a38f5e7, org.springframework.boot.test.autoconfigure.restdocs.RestDocsTestExecutionListener@5b0ce340, org.springframework.boot.test.autoconfigure.web.client.MockRestServiceServerResetTestExecutionListener@1ce86476, org.springframework.boot.test.autoconfigure.web.servlet.MockMvcPrintOnlyOnFailureTestExecutionListener@29825de, org.springframework.boot.test.autoconfigure.web.servlet.WebDriverTestExecutionListener@6fe26fa7, org.springframework.boot.test.mock.mockito.ResetMocksTestExecutionListener@534897f8]
2020-11-04 11:29:03.323 org.activiti.engine.impl.ProcessEngineImpl [Test worker] : ProcessEngine default created
2020-11-04 11:29:03.475 org.activiti.engine.impl.ProcessEngineImpl [Test worker] : ProcessEngine default created
2020-11-04 11:29:03.480 org.activiti.engine.impl.bpmn.deployer.BpmnDeployer [Test worker] : Processing resource AskForLeave.bpmn
2020-11-04 11:29:04.014 org.activiti.engine.impl.db.DbSqlSession [Test worker] : performing create on engine with resource org/activiti/db/create/activiti.h2.create.engine.sql
2020-11-04 11:29:04.048 org.activiti.engine.impl.db.DbSqlSession [Test worker] : performing create on history with resource org/activiti/db/create/activiti.h2.create.history.sql
2020-11-04 11:29:04.052 org.activiti.engine.impl.db.DbSqlSession [Test worker] : performing create on identity with resource org/activiti/db/create/activiti.h2.create.identity.sql
2020-11-04 11:29:04.056 org.activiti.engine.impl.ProcessEngineImpl [Test worker] : ProcessEngine default created
2020-11-04 11:29:04.067 org.activiti.engine.impl.asyncexecutor.AbstractAsyncJobExecutor [SpringContextShutdownHook] : Shutting down the default async job executor [org.activiti.spring.SpringAsyncExecutor].
2020-11-04 11:29:04.068 org.activiti.engine.impl.asyncexecutor.AcquireTimerJobsRunnable [Thread-5] : stopped async job due acquisition
2020-11-04 11:29:04.068 org.activiti.engine.impl.asyncexecutor.AcquireAsyncJobsDueRunnable [Thread-6] : stopped async job due acquisition
2020-11-04 11:29:04.069 org.springframework.scheduling.concurrent.ThreadPoolTaskExecutor [SpringContextShutdownHook] : Shutting down ExecutorService 'applicationTaskExecutor'
2020-11-04 11:29:04.069 org.springframework.orm.jpa.LocalContainerEntityManagerFactoryBean [SpringContextShutdownHook] : Closing JPA EntityManagerFactory for persistence unit 'default'
2020-11-04 11:29:04.070 com.zaxxer.hikari.HikariDataSource [SpringContextShutdownHook] : HikariPool-1 - Shutdown initiated...
2020-11-04 11:29:04.073 com.zaxxer.hikari.HikariDataSource [SpringContextShutdownHook] : HikariPool-1 - Shutdown completed.
2020-11-04 17:08:34.862 com.lind.avtiviti.AvtivitiApplicationTests [Test worker] : Starting AvtivitiApplicationTests on BDYH-PC170 with PID 18220 (started by PC170 in D:\github\activiti)
2020-11-04 17:08:34.863 com.lind.avtiviti.AvtivitiApplicationTests [Test worker] : No active profile set, falling back to default profiles: default
2020-11-04 17:08:35.564 org.springframework.data.repository.config.RepositoryConfigurationDelegate [Test worker] : Bootstrapping Spring Data repositories in DEFAULT mode.
2020-11-04 17:08:35.654 org.springframework.data.repository.config.RepositoryConfigurationDelegate [Test worker] : Finished Spring Data repository scanning in 82ms. Found 1 repository interfaces.
2020-11-04 17:08:36.005 org.springframework.context.support.PostProcessorRegistrationDelegate$BeanPostProcessorChecker [Test worker] : Bean 'org.springframework.transaction.annotation.ProxyTransactionManagementConfiguration' of type [org.springframework.transaction.annotation.ProxyTransactionManagementConfiguration] is not eligible for getting processed by all BeanPostProcessors (for example: not eligible for auto-proxying)
2020-11-04 17:08:36.197 org.hibernate.jpa.internal.util.LogHelper [Test worker] : HHH000204: Processing PersistenceUnitInfo [name: default]
2020-11-04 17:08:36.264 org.hibernate.Version [Test worker] : HHH000412: Hibernate Core {5.4.6.Final}
2020-11-04 17:08:36.422 org.hibernate.annotations.common.Version [Test worker] : HCANN000001: Hibernate Commons Annotations {5.1.0.Final}
2020-11-04 17:08:36.509 com.zaxxer.hikari.HikariDataSource [Test worker] : HikariPool-1 - Starting...
2020-11-04 17:08:36.686 com.zaxxer.hikari.HikariDataSource [Test worker] : HikariPool-1 - Start completed.
2020-11-04 17:08:36.707 org.hibernate.dialect.Dialect [Test worker] : HHH000400: Using dialect: org.hibernate.dialect.MySQL55Dialect
2020-11-04 17:08:37.366 org.hibernate.engine.transaction.jta.platform.internal.JtaPlatformInitiator [Test worker] : HHH000490: Using JtaPlatform implementation: [org.hibernate.engine.transaction.jta.platform.internal.NoJtaPlatform]
2020-11-04 17:08:37.373 org.springframework.orm.jpa.LocalContainerEntityManagerFactoryBean [Test worker] : Initialized JPA EntityManagerFactory for persistence unit 'default'
2020-11-04 17:08:37.525 org.springframework.scheduling.concurrent.ThreadPoolTaskExecutor [Test worker] : Initializing ExecutorService 'applicationTaskExecutor'
2020-11-04 17:08:38.313 org.activiti.engine.impl.ProcessEngineImpl [Test worker] : ProcessEngine default created
2020-11-04 17:08:38.314 org.activiti.engine.impl.asyncexecutor.AbstractAsyncJobExecutor [Test worker] : Starting up the default async job executor [org.activiti.spring.SpringAsyncExecutor].
2020-11-04 17:08:38.317 org.activiti.engine.impl.asyncexecutor.AcquireTimerJobsRunnable [Thread-5] : starting to acquire async jobs due
2020-11-04 17:08:38.319 org.activiti.engine.impl.asyncexecutor.AcquireAsyncJobsDueRunnable [Thread-6] : starting to acquire async jobs due
2020-11-04 17:08:38.833 org.springframework.boot.autoconfigure.orm.jpa.JpaBaseConfiguration$JpaWebConfiguration [Test worker] : spring.jpa.open-in-view is enabled by default. Therefore, database queries may be performed during view rendering. Explicitly configure spring.jpa.open-in-view to disable this warning
2020-11-04 17:08:39.496 com.lind.avtiviti.AvtivitiApplicationTests [Test worker] : Started AvtivitiApplicationTests in 5.013 seconds (JVM running for 6.552)
2020-11-04 17:08:39.816 org.activiti.engine.impl.ProcessEngineImpl [Test worker] : ProcessEngine default created
2020-11-04 17:08:40.045 org.activiti.engine.impl.ProcessEngineImpl [Test worker] : ProcessEngine default created
2020-11-04 17:08:40.236 org.activiti.engine.impl.ProcessEngineImpl [Test worker] : ProcessEngine default created
2020-11-04 17:08:40.537 org.activiti.engine.impl.ProcessEngineImpl [Test worker] : ProcessEngine default created
2020-11-04 17:08:40.720 org.activiti.engine.impl.ProcessEngineImpl [Test worker] : ProcessEngine default created
2020-11-04 17:08:40.869 org.activiti.engine.impl.ProcessEngineImpl [Test worker] : ProcessEngine default created
2020-11-04 17:08:41.096 org.activiti.engine.impl.ProcessEngineImpl [Test worker] : ProcessEngine default created
2020-11-04 17:08:41.109 org.activiti.engine.impl.bpmn.deployer.BpmnDeployer [Test worker] : Processing resource diagrams/leave.bpmn
2020-11-04 17:08:41.168 org.activiti.engine.impl.bpmn.deployer.BpmnDeployer [Test worker] : Processing resource diagrams/leave.png
2020-11-04 17:08:41.210 org.activiti.engine.impl.bpmn.deployer.BpmnDeployer [Test worker] : Processing resource diagrams/leave.bpmn
2020-11-04 17:08:41.239 org.activiti.engine.impl.bpmn.deployer.BpmnDeployer [Test worker] : Processing resource diagrams/leave.png
2020-11-04 17:08:41.436 org.activiti.engine.impl.ProcessEngineImpl [Test worker] : ProcessEngine default created
2020-11-04 17:08:41.452 org.springframework.boot.test.context.SpringBootTestContextBootstrapper [Test worker] : Neither @ContextConfiguration nor @ContextHierarchy found for test class [com.lind.avtiviti.AvtivitiApplicationTests], using SpringBootContextLoader
2020-11-04 17:08:41.453 org.springframework.test.context.support.AbstractContextLoader [Test worker] : Could not detect default resource locations for test class [com.lind.avtiviti.AvtivitiApplicationTests]: no resource found for suffixes {-context.xml, Context.groovy}.
2020-11-04 17:08:41.453 org.springframework.test.context.support.AnnotationConfigContextLoaderUtils [Test worker] : Could not detect default configuration classes for test class [com.lind.avtiviti.AvtivitiApplicationTests]: AvtivitiApplicationTests does not declare any static, non-private, non-final, nested classes annotated with @Configuration.
2020-11-04 17:08:41.456 org.springframework.boot.test.context.SpringBootTestContextBootstrapper [Test worker] : Found @SpringBootConfiguration com.lind.avtiviti.AvtivitiApplication for test class com.lind.avtiviti.AvtivitiApplicationTests
2020-11-04 17:08:41.462 org.springframework.boot.test.context.SpringBootTestContextBootstrapper [Test worker] : Loaded default TestExecutionListener class names from location [META-INF/spring.factories]: [org.springframework.boot.test.autoconfigure.restdocs.RestDocsTestExecutionListener, org.springframework.boot.test.autoconfigure.web.client.MockRestServiceServerResetTestExecutionListener, org.springframework.boot.test.autoconfigure.web.servlet.MockMvcPrintOnlyOnFailureTestExecutionListener, org.springframework.boot.test.autoconfigure.web.servlet.WebDriverTestExecutionListener, org.springframework.boot.test.mock.mockito.MockitoTestExecutionListener, org.springframework.boot.test.mock.mockito.ResetMocksTestExecutionListener, org.springframework.test.context.web.ServletTestExecutionListener, org.springframework.test.context.support.DirtiesContextBeforeModesTestExecutionListener, org.springframework.test.context.support.DependencyInjectionTestExecutionListener, org.springframework.test.context.support.DirtiesContextTestExecutionListener, org.springframework.test.context.transaction.TransactionalTestExecutionListener, org.springframework.test.context.jdbc.SqlScriptsTestExecutionListener, org.springframework.test.context.event.EventPublishingTestExecutionListener]
2020-11-04 17:08:41.462 org.springframework.boot.test.context.SpringBootTestContextBootstrapper [Test worker] : Using TestExecutionListeners: [org.springframework.test.context.web.ServletTestExecutionListener@75d362f3, org.springframework.test.context.support.DirtiesContextBeforeModesTestExecutionListener@427cfb04, org.springframework.boot.test.mock.mockito.MockitoTestExecutionListener@4ce14136, org.springframework.boot.test.autoconfigure.SpringBootDependencyInjectionTestExecutionListener@5f712169, org.springframework.test.context.support.DirtiesContextTestExecutionListener@31db148e, org.springframework.test.context.transaction.TransactionalTestExecutionListener@14da6d6a, org.springframework.test.context.jdbc.SqlScriptsTestExecutionListener@52f46636, org.springframework.test.context.event.EventPublishingTestExecutionListener@4587f68, org.springframework.boot.test.autoconfigure.restdocs.RestDocsTestExecutionListener@6dce7409, org.springframework.boot.test.autoconfigure.web.client.MockRestServiceServerResetTestExecutionListener@2a38f5e7, org.springframework.boot.test.autoconfigure.web.servlet.MockMvcPrintOnlyOnFailureTestExecutionListener@5b0ce340, org.springframework.boot.test.autoconfigure.web.servlet.WebDriverTestExecutionListener@1ce86476, org.springframework.boot.test.mock.mockito.ResetMocksTestExecutionListener@29825de]
2020-11-04 17:08:41.669 org.activiti.engine.impl.ProcessEngineImpl [Test worker] : ProcessEngine default created
2020-11-04 17:08:41.840 org.activiti.engine.impl.ProcessEngineImpl [Test worker] : ProcessEngine default created
2020-11-04 17:08:41.844 org.activiti.engine.impl.bpmn.deployer.BpmnDeployer [Test worker] : Processing resource AskForLeave.bpmn
2020-11-04 17:08:42.330 org.activiti.engine.impl.db.DbSqlSession [Test worker] : performing create on engine with resource org/activiti/db/create/activiti.h2.create.engine.sql
2020-11-04 17:08:42.360 org.activiti.engine.impl.db.DbSqlSession [Test worker] : performing create on history with resource org/activiti/db/create/activiti.h2.create.history.sql
2020-11-04 17:08:42.364 org.activiti.engine.impl.db.DbSqlSession [Test worker] : performing create on identity with resource org/activiti/db/create/activiti.h2.create.identity.sql
2020-11-04 17:08:42.366 org.activiti.engine.impl.ProcessEngineImpl [Test worker] : ProcessEngine default created
2020-11-04 17:08:42.379 org.activiti.engine.impl.asyncexecutor.AbstractAsyncJobExecutor [SpringContextShutdownHook] : Shutting down the default async job executor [org.activiti.spring.SpringAsyncExecutor].
2020-11-04 17:08:42.380 org.activiti.engine.impl.asyncexecutor.AcquireAsyncJobsDueRunnable [Thread-6] : stopped async job due acquisition
2020-11-04 17:08:42.380 org.activiti.engine.impl.asyncexecutor.AcquireTimerJobsRunnable [Thread-5] : stopped async job due acquisition
2020-11-04 17:08:42.381 org.springframework.scheduling.concurrent.ThreadPoolTaskExecutor [SpringContextShutdownHook] : Shutting down ExecutorService 'applicationTaskExecutor'
2020-11-04 17:08:42.381 org.springframework.orm.jpa.LocalContainerEntityManagerFactoryBean [SpringContextShutdownHook] : Closing JPA EntityManagerFactory for persistence unit 'default'
2020-11-04 17:08:42.382 com.zaxxer.hikari.HikariDataSource [SpringContextShutdownHook] : HikariPool-1 - Shutdown initiated...
2020-11-04 17:08:42.386 com.zaxxer.hikari.HikariDataSource [SpringContextShutdownHook] : HikariPool-1 - Shutdown completed.
