2020-10-26 15:01:47.622 com.lind.avtiviti.AvtivitiApplicationTests [Test worker] : Starting AvtivitiApplicationTests on BDYH-PC170 with PID 5920 (started by PC170 in D:\github\activiti)
2020-10-26 15:01:47.623 com.lind.avtiviti.AvtivitiApplicationTests [Test worker] : No active profile set, falling back to default profiles: default
2020-10-26 15:01:48.305 org.springframework.data.repository.config.RepositoryConfigurationDelegate [Test worker] : Bootstrapping Spring Data repositories in DEFAULT mode.
2020-10-26 15:01:48.390 org.springframework.data.repository.config.RepositoryConfigurationDelegate [Test worker] : Finished Spring Data repository scanning in 77ms. Found 1 repository interfaces.
2020-10-26 15:01:48.709 org.springframework.context.support.PostProcessorRegistrationDelegate$BeanPostProcessorChecker [Test worker] : Bean 'org.springframework.transaction.annotation.ProxyTransactionManagementConfiguration' of type [org.springframework.transaction.annotation.ProxyTransactionManagementConfiguration] is not eligible for getting processed by all BeanPostProcessors (for example: not eligible for auto-proxying)
2020-10-26 15:01:48.895 org.hibernate.jpa.internal.util.LogHelper [Test worker] : HHH000204: Processing PersistenceUnitInfo [name: default]
2020-10-26 15:01:48.959 org.hibernate.Version [Test worker] : HHH000412: Hibernate Core {5.4.6.Final}
2020-10-26 15:01:49.112 org.hibernate.annotations.common.Version [Test worker] : HCANN000001: Hibernate Commons Annotations {5.1.0.Final}
2020-10-26 15:01:49.196 com.zaxxer.hikari.HikariDataSource [Test worker] : HikariPool-1 - Starting...
2020-10-26 15:01:49.368 com.zaxxer.hikari.HikariDataSource [Test worker] : HikariPool-1 - Start completed.
2020-10-26 15:01:49.388 org.hibernate.dialect.Dialect [Test worker] : HHH000400: Using dialect: org.hibernate.dialect.MySQL55Dialect
2020-10-26 15:01:50.021 org.hibernate.engine.transaction.jta.platform.internal.JtaPlatformInitiator [Test worker] : HHH000490: Using JtaPlatform implementation: [org.hibernate.engine.transaction.jta.platform.internal.NoJtaPlatform]
2020-10-26 15:01:50.027 org.springframework.orm.jpa.LocalContainerEntityManagerFactoryBean [Test worker] : Initialized JPA EntityManagerFactory for persistence unit 'default'
2020-10-26 15:01:50.165 org.springframework.scheduling.concurrent.ThreadPoolTaskExecutor [Test worker] : Initializing ExecutorService 'applicationTaskExecutor'
2020-10-26 15:01:50.903 org.activiti.engine.impl.ProcessEngineImpl [Test worker] : ProcessEngine default created
2020-10-26 15:01:50.904 org.activiti.engine.impl.asyncexecutor.AbstractAsyncJobExecutor [Test worker] : Starting up the default async job executor [org.activiti.spring.SpringAsyncExecutor].
2020-10-26 15:01:50.905 org.activiti.engine.impl.asyncexecutor.AcquireAsyncJobsDueRunnable [Thread-6] : starting to acquire async jobs due
2020-10-26 15:01:50.905 org.activiti.engine.impl.asyncexecutor.AcquireTimerJobsRunnable [Thread-5] : starting to acquire async jobs due
2020-10-26 15:01:51.451 org.springframework.boot.autoconfigure.orm.jpa.JpaBaseConfiguration$JpaWebConfiguration [Test worker] : spring.jpa.open-in-view is enabled by default. Therefore, database queries may be performed during view rendering. Explicitly configure spring.jpa.open-in-view to disable this warning
2020-10-26 15:01:52.169 com.lind.avtiviti.AvtivitiApplicationTests [Test worker] : Started AvtivitiApplicationTests in 4.902 seconds (JVM running for 6.286)
2020-10-26 15:01:52.504 org.activiti.engine.impl.ProcessEngineImpl [Test worker] : ProcessEngine default created
2020-10-26 15:01:52.761 org.activiti.engine.impl.ProcessEngineImpl [Test worker] : ProcessEngine default created
2020-10-26 15:01:52.936 org.activiti.engine.impl.ProcessEngineImpl [Test worker] : ProcessEngine default created
2020-10-26 15:01:53.195 org.activiti.engine.impl.ProcessEngineImpl [Test worker] : ProcessEngine default created
2020-10-26 15:01:53.382 org.activiti.engine.impl.ProcessEngineImpl [Test worker] : ProcessEngine default created
2020-10-26 15:01:53.534 org.activiti.engine.impl.ProcessEngineImpl [Test worker] : ProcessEngine default created
2020-10-26 15:01:53.792 org.activiti.engine.impl.ProcessEngineImpl [Test worker] : ProcessEngine default created
2020-10-26 15:01:53.811 org.activiti.engine.impl.bpmn.deployer.BpmnDeployer [Test worker] : Processing resource diagrams/leave.bpmn
2020-10-26 15:01:53.918 org.activiti.engine.impl.bpmn.deployer.BpmnDeployer [Test worker] : Processing resource diagrams/leave.png
2020-10-26 15:01:54.399 org.activiti.engine.impl.ProcessEngineImpl [Test worker] : ProcessEngine default created
2020-10-26 15:01:54.411 org.springframework.boot.test.context.SpringBootTestContextBootstrapper [Test worker] : Neither @ContextConfiguration nor @ContextHierarchy found for test class [com.lind.avtiviti.AvtivitiApplicationTests], using SpringBootContextLoader
2020-10-26 15:01:54.411 org.springframework.test.context.support.AbstractContextLoader [Test worker] : Could not detect default resource locations for test class [com.lind.avtiviti.AvtivitiApplicationTests]: no resource found for suffixes {-context.xml, Context.groovy}.
2020-10-26 15:01:54.412 org.springframework.test.context.support.AnnotationConfigContextLoaderUtils [Test worker] : Could not detect default configuration classes for test class [com.lind.avtiviti.AvtivitiApplicationTests]: AvtivitiApplicationTests does not declare any static, non-private, non-final, nested classes annotated with @Configuration.
2020-10-26 15:01:54.413 org.springframework.boot.test.context.SpringBootTestContextBootstrapper [Test worker] : Found @SpringBootConfiguration com.lind.avtiviti.AvtivitiApplication for test class com.lind.avtiviti.AvtivitiApplicationTests
2020-10-26 15:01:54.414 org.springframework.boot.test.context.SpringBootTestContextBootstrapper [Test worker] : Loaded default TestExecutionListener class names from location [META-INF/spring.factories]: [org.springframework.boot.test.autoconfigure.restdocs.RestDocsTestExecutionListener, org.springframework.boot.test.autoconfigure.web.client.MockRestServiceServerResetTestExecutionListener, org.springframework.boot.test.autoconfigure.web.servlet.MockMvcPrintOnlyOnFailureTestExecutionListener, org.springframework.boot.test.autoconfigure.web.servlet.WebDriverTestExecutionListener, org.springframework.boot.test.mock.mockito.MockitoTestExecutionListener, org.springframework.boot.test.mock.mockito.ResetMocksTestExecutionListener, org.springframework.test.context.web.ServletTestExecutionListener, org.springframework.test.context.support.DirtiesContextBeforeModesTestExecutionListener, org.springframework.test.context.support.DependencyInjectionTestExecutionListener, org.springframework.test.context.support.DirtiesContextTestExecutionListener, org.springframework.test.context.transaction.TransactionalTestExecutionListener, org.springframework.test.context.jdbc.SqlScriptsTestExecutionListener, org.springframework.test.context.event.EventPublishingTestExecutionListener]
2020-10-26 15:01:54.414 org.springframework.boot.test.context.SpringBootTestContextBootstrapper [Test worker] : Using TestExecutionListeners: [org.springframework.test.context.web.ServletTestExecutionListener@4d96d72d, org.springframework.test.context.support.DirtiesContextBeforeModesTestExecutionListener@554888f, org.springframework.boot.test.mock.mockito.MockitoTestExecutionListener@7274fa54, org.springframework.boot.test.autoconfigure.SpringBootDependencyInjectionTestExecutionListener@16b6321d, org.springframework.test.context.support.DirtiesContextTestExecutionListener@6d62a059, org.springframework.test.context.transaction.TransactionalTestExecutionListener@4cd35d8a, org.springframework.test.context.jdbc.SqlScriptsTestExecutionListener@1920a81e, org.springframework.test.context.event.EventPublishingTestExecutionListener@3ea157fd, org.springframework.boot.test.autoconfigure.restdocs.RestDocsTestExecutionListener@46394818, org.springframework.boot.test.autoconfigure.web.client.MockRestServiceServerResetTestExecutionListener@10d07258, org.springframework.boot.test.autoconfigure.web.servlet.MockMvcPrintOnlyOnFailureTestExecutionListener@cac5804, org.springframework.boot.test.autoconfigure.web.servlet.WebDriverTestExecutionListener@3806e8d3, org.springframework.boot.test.mock.mockito.ResetMocksTestExecutionListener@34f31e43]
2020-10-26 15:01:54.611 org.activiti.engine.impl.ProcessEngineImpl [Test worker] : ProcessEngine default created
2020-10-26 15:01:54.804 org.activiti.engine.impl.ProcessEngineImpl [Test worker] : ProcessEngine default created
2020-10-26 15:01:54.810 org.activiti.engine.impl.bpmn.deployer.BpmnDeployer [Test worker] : Processing resource AskForLeave.bpmn
2020-10-26 15:01:55.435 org.activiti.engine.impl.db.DbSqlSession [Test worker] : performing create on engine with resource org/activiti/db/create/activiti.h2.create.engine.sql
2020-10-26 15:01:55.480 org.activiti.engine.impl.db.DbSqlSession [Test worker] : performing create on history with resource org/activiti/db/create/activiti.h2.create.history.sql
2020-10-26 15:01:55.484 org.activiti.engine.impl.db.DbSqlSession [Test worker] : performing create on identity with resource org/activiti/db/create/activiti.h2.create.identity.sql
2020-10-26 15:01:55.487 org.activiti.engine.impl.ProcessEngineImpl [Test worker] : ProcessEngine default created
2020-10-26 15:01:55.502 org.activiti.engine.impl.asyncexecutor.AbstractAsyncJobExecutor [SpringContextShutdownHook] : Shutting down the default async job executor [org.activiti.spring.SpringAsyncExecutor].
2020-10-26 15:01:55.503 org.activiti.engine.impl.asyncexecutor.AcquireAsyncJobsDueRunnable [Thread-6] : stopped async job due acquisition
2020-10-26 15:01:55.503 org.activiti.engine.impl.asyncexecutor.AcquireTimerJobsRunnable [Thread-5] : stopped async job due acquisition
2020-10-26 15:01:55.506 org.springframework.scheduling.concurrent.ThreadPoolTaskExecutor [SpringContextShutdownHook] : Shutting down ExecutorService 'applicationTaskExecutor'
2020-10-26 15:01:55.506 org.springframework.orm.jpa.LocalContainerEntityManagerFactoryBean [SpringContextShutdownHook] : Closing JPA EntityManagerFactory for persistence unit 'default'
2020-10-26 15:01:55.509 com.zaxxer.hikari.HikariDataSource [SpringContextShutdownHook] : HikariPool-1 - Shutdown initiated...
2020-10-26 15:01:55.513 com.zaxxer.hikari.HikariDataSource [SpringContextShutdownHook] : HikariPool-1 - Shutdown completed.
2020-10-26 15:11:50.468 com.lind.avtiviti.AvtivitiApplicationTests [Test worker] : Starting AvtivitiApplicationTests on BDYH-PC170 with PID 13388 (started by PC170 in D:\github\activiti)
2020-10-26 15:11:50.469 com.lind.avtiviti.AvtivitiApplicationTests [Test worker] : No active profile set, falling back to default profiles: default
2020-10-26 15:11:51.138 org.springframework.data.repository.config.RepositoryConfigurationDelegate [Test worker] : Bootstrapping Spring Data repositories in DEFAULT mode.
2020-10-26 15:11:51.232 org.springframework.data.repository.config.RepositoryConfigurationDelegate [Test worker] : Finished Spring Data repository scanning in 86ms. Found 1 repository interfaces.
2020-10-26 15:11:51.561 org.springframework.context.support.PostProcessorRegistrationDelegate$BeanPostProcessorChecker [Test worker] : Bean 'org.springframework.transaction.annotation.ProxyTransactionManagementConfiguration' of type [org.springframework.transaction.annotation.ProxyTransactionManagementConfiguration] is not eligible for getting processed by all BeanPostProcessors (for example: not eligible for auto-proxying)
2020-10-26 15:11:51.742 org.hibernate.jpa.internal.util.LogHelper [Test worker] : HHH000204: Processing PersistenceUnitInfo [name: default]
2020-10-26 15:11:51.806 org.hibernate.Version [Test worker] : HHH000412: Hibernate Core {5.4.6.Final}
2020-10-26 15:11:51.960 org.hibernate.annotations.common.Version [Test worker] : HCANN000001: Hibernate Commons Annotations {5.1.0.Final}
2020-10-26 15:11:52.045 com.zaxxer.hikari.HikariDataSource [Test worker] : HikariPool-1 - Starting...
2020-10-26 15:11:52.213 com.zaxxer.hikari.HikariDataSource [Test worker] : HikariPool-1 - Start completed.
2020-10-26 15:11:52.232 org.hibernate.dialect.Dialect [Test worker] : HHH000400: Using dialect: org.hibernate.dialect.MySQL55Dialect
2020-10-26 15:11:52.862 org.hibernate.engine.transaction.jta.platform.internal.JtaPlatformInitiator [Test worker] : HHH000490: Using JtaPlatform implementation: [org.hibernate.engine.transaction.jta.platform.internal.NoJtaPlatform]
2020-10-26 15:11:52.868 org.springframework.orm.jpa.LocalContainerEntityManagerFactoryBean [Test worker] : Initialized JPA EntityManagerFactory for persistence unit 'default'
2020-10-26 15:11:53.008 org.springframework.scheduling.concurrent.ThreadPoolTaskExecutor [Test worker] : Initializing ExecutorService 'applicationTaskExecutor'
2020-10-26 15:11:53.744 org.activiti.engine.impl.ProcessEngineImpl [Test worker] : ProcessEngine default created
2020-10-26 15:11:53.745 org.activiti.engine.impl.asyncexecutor.AbstractAsyncJobExecutor [Test worker] : Starting up the default async job executor [org.activiti.spring.SpringAsyncExecutor].
2020-10-26 15:11:53.746 org.activiti.engine.impl.asyncexecutor.AcquireAsyncJobsDueRunnable [Thread-6] : starting to acquire async jobs due
2020-10-26 15:11:53.746 org.activiti.engine.impl.asyncexecutor.AcquireTimerJobsRunnable [Thread-5] : starting to acquire async jobs due
2020-10-26 15:11:54.224 org.springframework.boot.autoconfigure.orm.jpa.JpaBaseConfiguration$JpaWebConfiguration [Test worker] : spring.jpa.open-in-view is enabled by default. Therefore, database queries may be performed during view rendering. Explicitly configure spring.jpa.open-in-view to disable this warning
2020-10-26 15:11:54.840 com.lind.avtiviti.AvtivitiApplicationTests [Test worker] : Started AvtivitiApplicationTests in 4.735 seconds (JVM running for 6.115)
2020-10-26 15:11:55.205 org.activiti.engine.impl.ProcessEngineImpl [Test worker] : ProcessEngine default created
2020-10-26 15:11:55.432 org.activiti.engine.impl.ProcessEngineImpl [Test worker] : ProcessEngine default created
2020-10-26 15:11:55.605 org.activiti.engine.impl.ProcessEngineImpl [Test worker] : ProcessEngine default created
2020-10-26 15:11:55.830 org.activiti.engine.impl.ProcessEngineImpl [Test worker] : ProcessEngine default created
2020-10-26 15:11:56.012 org.activiti.engine.impl.ProcessEngineImpl [Test worker] : ProcessEngine default created
2020-10-26 15:11:56.159 org.activiti.engine.impl.ProcessEngineImpl [Test worker] : ProcessEngine default created
2020-10-26 15:11:56.379 org.activiti.engine.impl.ProcessEngineImpl [Test worker] : ProcessEngine default created
2020-10-26 15:11:56.389 org.activiti.engine.impl.bpmn.deployer.BpmnDeployer [Test worker] : Processing resource diagrams/leave.bpmn
2020-10-26 15:11:56.459 org.activiti.engine.impl.bpmn.deployer.BpmnDeployer [Test worker] : Processing resource diagrams/leave.png
2020-10-26 15:11:56.509 org.activiti.engine.impl.bpmn.deployer.BpmnDeployer [Test worker] : Processing resource diagrams/leave.bpmn
2020-10-26 15:11:56.542 org.activiti.engine.impl.bpmn.deployer.BpmnDeployer [Test worker] : Processing resource diagrams/leave.png
2020-10-26 15:11:56.746 org.activiti.engine.impl.ProcessEngineImpl [Test worker] : ProcessEngine default created
2020-10-26 15:11:56.759 org.springframework.boot.test.context.SpringBootTestContextBootstrapper [Test worker] : Neither @ContextConfiguration nor @ContextHierarchy found for test class [com.lind.avtiviti.AvtivitiApplicationTests], using SpringBootContextLoader
2020-10-26 15:11:56.759 org.springframework.test.context.support.AbstractContextLoader [Test worker] : Could not detect default resource locations for test class [com.lind.avtiviti.AvtivitiApplicationTests]: no resource found for suffixes {-context.xml, Context.groovy}.
2020-10-26 15:11:56.759 org.springframework.test.context.support.AnnotationConfigContextLoaderUtils [Test worker] : Could not detect default configuration classes for test class [com.lind.avtiviti.AvtivitiApplicationTests]: AvtivitiApplicationTests does not declare any static, non-private, non-final, nested classes annotated with @Configuration.
2020-10-26 15:11:56.761 org.springframework.boot.test.context.SpringBootTestContextBootstrapper [Test worker] : Found @SpringBootConfiguration com.lind.avtiviti.AvtivitiApplication for test class com.lind.avtiviti.AvtivitiApplicationTests
2020-10-26 15:11:56.763 org.springframework.boot.test.context.SpringBootTestContextBootstrapper [Test worker] : Loaded default TestExecutionListener class names from location [META-INF/spring.factories]: [org.springframework.boot.test.autoconfigure.restdocs.RestDocsTestExecutionListener, org.springframework.boot.test.autoconfigure.web.client.MockRestServiceServerResetTestExecutionListener, org.springframework.boot.test.autoconfigure.web.servlet.MockMvcPrintOnlyOnFailureTestExecutionListener, org.springframework.boot.test.autoconfigure.web.servlet.WebDriverTestExecutionListener, org.springframework.boot.test.mock.mockito.MockitoTestExecutionListener, org.springframework.boot.test.mock.mockito.ResetMocksTestExecutionListener, org.springframework.test.context.web.ServletTestExecutionListener, org.springframework.test.context.support.DirtiesContextBeforeModesTestExecutionListener, org.springframework.test.context.support.DependencyInjectionTestExecutionListener, org.springframework.test.context.support.DirtiesContextTestExecutionListener, org.springframework.test.context.transaction.TransactionalTestExecutionListener, org.springframework.test.context.jdbc.SqlScriptsTestExecutionListener, org.springframework.test.context.event.EventPublishingTestExecutionListener]
2020-10-26 15:11:56.763 org.springframework.boot.test.context.SpringBootTestContextBootstrapper [Test worker] : Using TestExecutionListeners: [org.springframework.test.context.web.ServletTestExecutionListener@2c5b0cb2, org.springframework.test.context.support.DirtiesContextBeforeModesTestExecutionListener@15cc951b, org.springframework.boot.test.mock.mockito.MockitoTestExecutionListener@3c413892, org.springframework.boot.test.autoconfigure.SpringBootDependencyInjectionTestExecutionListener@16013c90, org.springframework.test.context.support.DirtiesContextTestExecutionListener@624b8c7e, org.springframework.test.context.transaction.TransactionalTestExecutionListener@13deb961, org.springframework.test.context.jdbc.SqlScriptsTestExecutionListener@266e9620, org.springframework.test.context.event.EventPublishingTestExecutionListener@3914cbc1, org.springframework.boot.test.autoconfigure.restdocs.RestDocsTestExecutionListener@78288e1, org.springframework.boot.test.autoconfigure.web.client.MockRestServiceServerResetTestExecutionListener@61712cc1, org.springframework.boot.test.autoconfigure.web.servlet.MockMvcPrintOnlyOnFailureTestExecutionListener@33fc7959, org.springframework.boot.test.autoconfigure.web.servlet.WebDriverTestExecutionListener@2ca9e624, org.springframework.boot.test.mock.mockito.ResetMocksTestExecutionListener@3f7fb6d0]
2020-10-26 15:11:56.900 org.activiti.engine.impl.ProcessEngineImpl [Test worker] : ProcessEngine default created
2020-10-26 15:11:57.048 org.activiti.engine.impl.ProcessEngineImpl [Test worker] : ProcessEngine default created
2020-10-26 15:11:57.052 org.activiti.engine.impl.bpmn.deployer.BpmnDeployer [Test worker] : Processing resource AskForLeave.bpmn
2020-10-26 15:11:57.510 org.activiti.engine.impl.db.DbSqlSession [Test worker] : performing create on engine with resource org/activiti/db/create/activiti.h2.create.engine.sql
2020-10-26 15:11:57.540 org.activiti.engine.impl.db.DbSqlSession [Test worker] : performing create on history with resource org/activiti/db/create/activiti.h2.create.history.sql
2020-10-26 15:11:57.544 org.activiti.engine.impl.db.DbSqlSession [Test worker] : performing create on identity with resource org/activiti/db/create/activiti.h2.create.identity.sql
2020-10-26 15:11:57.546 org.activiti.engine.impl.ProcessEngineImpl [Test worker] : ProcessEngine default created
2020-10-26 15:11:57.556 org.activiti.engine.impl.asyncexecutor.AbstractAsyncJobExecutor [SpringContextShutdownHook] : Shutting down the default async job executor [org.activiti.spring.SpringAsyncExecutor].
2020-10-26 15:11:57.556 org.activiti.engine.impl.asyncexecutor.AcquireAsyncJobsDueRunnable [Thread-6] : stopped async job due acquisition
2020-10-26 15:11:57.557 org.activiti.engine.impl.asyncexecutor.AcquireTimerJobsRunnable [Thread-5] : stopped async job due acquisition
2020-10-26 15:11:57.558 org.springframework.scheduling.concurrent.ThreadPoolTaskExecutor [SpringContextShutdownHook] : Shutting down ExecutorService 'applicationTaskExecutor'
2020-10-26 15:11:57.560 org.springframework.orm.jpa.LocalContainerEntityManagerFactoryBean [SpringContextShutdownHook] : Closing JPA EntityManagerFactory for persistence unit 'default'
2020-10-26 15:11:57.563 com.zaxxer.hikari.HikariDataSource [SpringContextShutdownHook] : HikariPool-1 - Shutdown initiated...
2020-10-26 15:11:57.566 com.zaxxer.hikari.HikariDataSource [SpringContextShutdownHook] : HikariPool-1 - Shutdown completed.
2020-10-26 15:16:31.326 com.lind.avtiviti.AvtivitiApplicationTests [Test worker] : Starting AvtivitiApplicationTests on BDYH-PC170 with PID 27600 (started by PC170 in D:\github\activiti)
2020-10-26 15:16:31.327 com.lind.avtiviti.AvtivitiApplicationTests [Test worker] : No active profile set, falling back to default profiles: default
2020-10-26 15:16:32.019 org.springframework.data.repository.config.RepositoryConfigurationDelegate [Test worker] : Bootstrapping Spring Data repositories in DEFAULT mode.
2020-10-26 15:16:32.109 org.springframework.data.repository.config.RepositoryConfigurationDelegate [Test worker] : Finished Spring Data repository scanning in 81ms. Found 1 repository interfaces.
2020-10-26 15:16:32.442 org.springframework.context.support.PostProcessorRegistrationDelegate$BeanPostProcessorChecker [Test worker] : Bean 'org.springframework.transaction.annotation.ProxyTransactionManagementConfiguration' of type [org.springframework.transaction.annotation.ProxyTransactionManagementConfiguration] is not eligible for getting processed by all BeanPostProcessors (for example: not eligible for auto-proxying)
2020-10-26 15:16:32.661 org.hibernate.jpa.internal.util.LogHelper [Test worker] : HHH000204: Processing PersistenceUnitInfo [name: default]
2020-10-26 15:16:32.731 org.hibernate.Version [Test worker] : HHH000412: Hibernate Core {5.4.6.Final}
2020-10-26 15:16:32.917 org.hibernate.annotations.common.Version [Test worker] : HCANN000001: Hibernate Commons Annotations {5.1.0.Final}
2020-10-26 15:16:33.024 com.zaxxer.hikari.HikariDataSource [Test worker] : HikariPool-1 - Starting...
2020-10-26 15:16:33.209 com.zaxxer.hikari.HikariDataSource [Test worker] : HikariPool-1 - Start completed.
2020-10-26 15:16:33.230 org.hibernate.dialect.Dialect [Test worker] : HHH000400: Using dialect: org.hibernate.dialect.MySQL55Dialect
2020-10-26 15:16:33.937 org.hibernate.engine.transaction.jta.platform.internal.JtaPlatformInitiator [Test worker] : HHH000490: Using JtaPlatform implementation: [org.hibernate.engine.transaction.jta.platform.internal.NoJtaPlatform]
2020-10-26 15:16:33.943 org.springframework.orm.jpa.LocalContainerEntityManagerFactoryBean [Test worker] : Initialized JPA EntityManagerFactory for persistence unit 'default'
2020-10-26 15:16:34.104 org.springframework.scheduling.concurrent.ThreadPoolTaskExecutor [Test worker] : Initializing ExecutorService 'applicationTaskExecutor'
2020-10-26 15:16:34.970 org.activiti.engine.impl.ProcessEngineImpl [Test worker] : ProcessEngine default created
2020-10-26 15:16:34.971 org.activiti.engine.impl.asyncexecutor.AbstractAsyncJobExecutor [Test worker] : Starting up the default async job executor [org.activiti.spring.SpringAsyncExecutor].
2020-10-26 15:16:34.986 org.activiti.engine.impl.asyncexecutor.AcquireAsyncJobsDueRunnable [Thread-6] : starting to acquire async jobs due
2020-10-26 15:16:34.987 org.activiti.engine.impl.asyncexecutor.AcquireTimerJobsRunnable [Thread-5] : starting to acquire async jobs due
2020-10-26 15:16:35.956 org.springframework.boot.autoconfigure.orm.jpa.JpaBaseConfiguration$JpaWebConfiguration [Test worker] : spring.jpa.open-in-view is enabled by default. Therefore, database queries may be performed during view rendering. Explicitly configure spring.jpa.open-in-view to disable this warning
2020-10-26 15:16:36.927 com.lind.avtiviti.AvtivitiApplicationTests [Test worker] : Started AvtivitiApplicationTests in 5.97 seconds (JVM running for 7.423)
2020-10-26 15:16:37.397 org.activiti.engine.impl.ProcessEngineImpl [Test worker] : ProcessEngine default created
2020-10-26 15:16:37.753 org.activiti.engine.impl.ProcessEngineImpl [Test worker] : ProcessEngine default created
2020-10-26 15:16:37.988 org.activiti.engine.impl.ProcessEngineImpl [Test worker] : ProcessEngine default created
2020-10-26 15:16:38.278 org.activiti.engine.impl.ProcessEngineImpl [Test worker] : ProcessEngine default created
2020-10-26 15:16:38.577 org.activiti.engine.impl.ProcessEngineImpl [Test worker] : ProcessEngine default created
2020-10-26 15:16:38.775 org.activiti.engine.impl.ProcessEngineImpl [Test worker] : ProcessEngine default created
2020-10-26 15:16:39.134 org.activiti.engine.impl.ProcessEngineImpl [Test worker] : ProcessEngine default created
2020-10-26 15:16:39.147 org.activiti.engine.impl.bpmn.deployer.BpmnDeployer [Test worker] : Processing resource diagrams/leave.bpmn
2020-10-26 15:16:39.241 org.activiti.engine.impl.bpmn.deployer.BpmnDeployer [Test worker] : Processing resource diagrams/leave.png
2020-10-26 15:16:39.291 org.activiti.engine.impl.bpmn.deployer.BpmnDeployer [Test worker] : Processing resource diagrams/leave.bpmn
2020-10-26 15:16:39.325 org.activiti.engine.impl.bpmn.deployer.BpmnDeployer [Test worker] : Processing resource diagrams/leave.png
2020-10-26 15:16:39.565 org.activiti.engine.impl.ProcessEngineImpl [Test worker] : ProcessEngine default created
2020-10-26 15:16:39.578 org.springframework.boot.test.context.SpringBootTestContextBootstrapper [Test worker] : Neither @ContextConfiguration nor @ContextHierarchy found for test class [com.lind.avtiviti.AvtivitiApplicationTests], using SpringBootContextLoader
2020-10-26 15:16:39.579 org.springframework.test.context.support.AbstractContextLoader [Test worker] : Could not detect default resource locations for test class [com.lind.avtiviti.AvtivitiApplicationTests]: no resource found for suffixes {-context.xml, Context.groovy}.
2020-10-26 15:16:39.579 org.springframework.test.context.support.AnnotationConfigContextLoaderUtils [Test worker] : Could not detect default configuration classes for test class [com.lind.avtiviti.AvtivitiApplicationTests]: AvtivitiApplicationTests does not declare any static, non-private, non-final, nested classes annotated with @Configuration.
2020-10-26 15:16:39.583 org.springframework.boot.test.context.SpringBootTestContextBootstrapper [Test worker] : Found @SpringBootConfiguration com.lind.avtiviti.AvtivitiApplication for test class com.lind.avtiviti.AvtivitiApplicationTests
2020-10-26 15:16:39.584 org.springframework.boot.test.context.SpringBootTestContextBootstrapper [Test worker] : Loaded default TestExecutionListener class names from location [META-INF/spring.factories]: [org.springframework.boot.test.autoconfigure.restdocs.RestDocsTestExecutionListener, org.springframework.boot.test.autoconfigure.web.client.MockRestServiceServerResetTestExecutionListener, org.springframework.boot.test.autoconfigure.web.servlet.MockMvcPrintOnlyOnFailureTestExecutionListener, org.springframework.boot.test.autoconfigure.web.servlet.WebDriverTestExecutionListener, org.springframework.boot.test.mock.mockito.MockitoTestExecutionListener, org.springframework.boot.test.mock.mockito.ResetMocksTestExecutionListener, org.springframework.test.context.web.ServletTestExecutionListener, org.springframework.test.context.support.DirtiesContextBeforeModesTestExecutionListener, org.springframework.test.context.support.DependencyInjectionTestExecutionListener, org.springframework.test.context.support.DirtiesContextTestExecutionListener, org.springframework.test.context.transaction.TransactionalTestExecutionListener, org.springframework.test.context.jdbc.SqlScriptsTestExecutionListener, org.springframework.test.context.event.EventPublishingTestExecutionListener]
2020-10-26 15:16:39.585 org.springframework.boot.test.context.SpringBootTestContextBootstrapper [Test worker] : Using TestExecutionListeners: [org.springframework.test.context.web.ServletTestExecutionListener@2561f163, org.springframework.test.context.support.DirtiesContextBeforeModesTestExecutionListener@2c5b0cb2, org.springframework.boot.test.mock.mockito.MockitoTestExecutionListener@15cc951b, org.springframework.boot.test.autoconfigure.SpringBootDependencyInjectionTestExecutionListener@3c413892, org.springframework.test.context.support.DirtiesContextTestExecutionListener@16013c90, org.springframework.test.context.transaction.TransactionalTestExecutionListener@624b8c7e, org.springframework.test.context.jdbc.SqlScriptsTestExecutionListener@13deb961, org.springframework.test.context.event.EventPublishingTestExecutionListener@266e9620, org.springframework.boot.test.autoconfigure.restdocs.RestDocsTestExecutionListener@3914cbc1, org.springframework.boot.test.autoconfigure.web.client.MockRestServiceServerResetTestExecutionListener@78288e1, org.springframework.boot.test.autoconfigure.web.servlet.MockMvcPrintOnlyOnFailureTestExecutionListener@61712cc1, org.springframework.boot.test.autoconfigure.web.servlet.WebDriverTestExecutionListener@33fc7959, org.springframework.boot.test.mock.mockito.ResetMocksTestExecutionListener@2ca9e624]
2020-10-26 15:16:39.762 org.activiti.engine.impl.ProcessEngineImpl [Test worker] : ProcessEngine default created
2020-10-26 15:16:39.965 org.activiti.engine.impl.ProcessEngineImpl [Test worker] : ProcessEngine default created
2020-10-26 15:16:39.970 org.activiti.engine.impl.bpmn.deployer.BpmnDeployer [Test worker] : Processing resource AskForLeave.bpmn
2020-10-26 15:16:40.591 org.activiti.engine.impl.db.DbSqlSession [Test worker] : performing create on engine with resource org/activiti/db/create/activiti.h2.create.engine.sql
2020-10-26 15:16:40.639 org.activiti.engine.impl.db.DbSqlSession [Test worker] : performing create on history with resource org/activiti/db/create/activiti.h2.create.history.sql
2020-10-26 15:16:40.642 org.activiti.engine.impl.db.DbSqlSession [Test worker] : performing create on identity with resource org/activiti/db/create/activiti.h2.create.identity.sql
2020-10-26 15:16:40.645 org.activiti.engine.impl.ProcessEngineImpl [Test worker] : ProcessEngine default created
2020-10-26 15:16:40.685 org.activiti.engine.impl.asyncexecutor.AbstractAsyncJobExecutor [SpringContextShutdownHook] : Shutting down the default async job executor [org.activiti.spring.SpringAsyncExecutor].
2020-10-26 15:16:40.686 org.activiti.engine.impl.asyncexecutor.AcquireTimerJobsRunnable [Thread-5] : stopped async job due acquisition
2020-10-26 15:16:40.686 org.activiti.engine.impl.asyncexecutor.AcquireAsyncJobsDueRunnable [Thread-6] : stopped async job due acquisition
2020-10-26 15:16:40.688 org.springframework.scheduling.concurrent.ThreadPoolTaskExecutor [SpringContextShutdownHook] : Shutting down ExecutorService 'applicationTaskExecutor'
2020-10-26 15:16:40.690 org.springframework.orm.jpa.LocalContainerEntityManagerFactoryBean [SpringContextShutdownHook] : Closing JPA EntityManagerFactory for persistence unit 'default'
2020-10-26 15:16:40.695 com.zaxxer.hikari.HikariDataSource [SpringContextShutdownHook] : HikariPool-1 - Shutdown initiated...
2020-10-26 15:16:40.697 com.zaxxer.hikari.HikariDataSource [SpringContextShutdownHook] : HikariPool-1 - Shutdown completed.
