2020-11-03 09:32:00.294 com.lind.avtiviti.AvtivitiApplicationTests [Test worker] : Starting AvtivitiApplicationTests on BDYH-PC170 with PID 36460 (started by PC170 in D:\github\activiti)
2020-11-03 09:32:00.296 com.lind.avtiviti.AvtivitiApplicationTests [Test worker] : No active profile set, falling back to default profiles: default
2020-11-03 09:32:00.964 org.springframework.data.repository.config.RepositoryConfigurationDelegate [Test worker] : Bootstrapping Spring Data repositories in DEFAULT mode.
2020-11-03 09:32:01.052 org.springframework.data.repository.config.RepositoryConfigurationDelegate [Test worker] : Finished Spring Data repository scanning in 78ms. Found 1 repository interfaces.
2020-11-03 09:32:01.375 org.springframework.context.support.PostProcessorRegistrationDelegate$BeanPostProcessorChecker [Test worker] : Bean 'org.springframework.transaction.annotation.ProxyTransactionManagementConfiguration' of type [org.springframework.transaction.annotation.ProxyTransactionManagementConfiguration] is not eligible for getting processed by all BeanPostProcessors (for example: not eligible for auto-proxying)
2020-11-03 09:32:01.582 org.hibernate.jpa.internal.util.LogHelper [Test worker] : HHH000204: Processing PersistenceUnitInfo [name: default]
2020-11-03 09:32:01.648 org.hibernate.Version [Test worker] : HHH000412: Hibernate Core {5.4.6.Final}
2020-11-03 09:32:01.802 org.hibernate.annotations.common.Version [Test worker] : HCANN000001: Hibernate Commons Annotations {5.1.0.Final}
2020-11-03 09:32:01.889 com.zaxxer.hikari.HikariDataSource [Test worker] : HikariPool-1 - Starting...
2020-11-03 09:32:02.066 com.zaxxer.hikari.HikariDataSource [Test worker] : HikariPool-1 - Start completed.
2020-11-03 09:32:02.087 org.hibernate.dialect.Dialect [Test worker] : HHH000400: Using dialect: org.hibernate.dialect.MySQL55Dialect
2020-11-03 09:32:02.732 org.hibernate.engine.transaction.jta.platform.internal.JtaPlatformInitiator [Test worker] : HHH000490: Using JtaPlatform implementation: [org.hibernate.engine.transaction.jta.platform.internal.NoJtaPlatform]
2020-11-03 09:32:02.739 org.springframework.orm.jpa.LocalContainerEntityManagerFactoryBean [Test worker] : Initialized JPA EntityManagerFactory for persistence unit 'default'
2020-11-03 09:32:02.878 org.springframework.scheduling.concurrent.ThreadPoolTaskExecutor [Test worker] : Initializing ExecutorService 'applicationTaskExecutor'
2020-11-03 09:32:03.648 org.activiti.engine.impl.ProcessEngineImpl [Test worker] : ProcessEngine default created
2020-11-03 09:32:03.649 org.activiti.engine.impl.asyncexecutor.AbstractAsyncJobExecutor [Test worker] : Starting up the default async job executor [org.activiti.spring.SpringAsyncExecutor].
2020-11-03 09:32:03.650 org.activiti.engine.impl.asyncexecutor.AcquireAsyncJobsDueRunnable [Thread-6] : starting to acquire async jobs due
2020-11-03 09:32:03.650 org.activiti.engine.impl.asyncexecutor.AcquireTimerJobsRunnable [Thread-5] : starting to acquire async jobs due
2020-11-03 09:32:04.185 org.springframework.boot.autoconfigure.orm.jpa.JpaBaseConfiguration$JpaWebConfiguration [Test worker] : spring.jpa.open-in-view is enabled by default. Therefore, database queries may be performed during view rendering. Explicitly configure spring.jpa.open-in-view to disable this warning
2020-11-03 09:32:04.835 com.lind.avtiviti.AvtivitiApplicationTests [Test worker] : Started AvtivitiApplicationTests in 4.932 seconds (JVM running for 6.454)
2020-11-03 09:32:05.222 org.activiti.engine.impl.ProcessEngineImpl [Test worker] : ProcessEngine default created
2020-11-03 09:32:05.509 org.activiti.engine.impl.ProcessEngineImpl [Test worker] : ProcessEngine default created
2020-11-03 09:32:05.685 org.activiti.engine.impl.ProcessEngineImpl [Test worker] : ProcessEngine default created
2020-11-03 09:32:05.966 org.activiti.engine.impl.ProcessEngineImpl [Test worker] : ProcessEngine default created
2020-11-03 09:32:06.145 org.activiti.engine.impl.ProcessEngineImpl [Test worker] : ProcessEngine default created
2020-11-03 09:32:06.285 org.activiti.engine.impl.ProcessEngineImpl [Test worker] : ProcessEngine default created
2020-11-03 09:32:06.501 org.activiti.engine.impl.ProcessEngineImpl [Test worker] : ProcessEngine default created
2020-11-03 09:32:06.515 org.activiti.engine.impl.bpmn.deployer.BpmnDeployer [Test worker] : Processing resource diagrams/leave.bpmn
2020-11-03 09:32:06.575 org.activiti.engine.impl.bpmn.deployer.BpmnDeployer [Test worker] : Processing resource diagrams/leave.png
2020-11-03 09:32:06.615 org.activiti.engine.impl.bpmn.deployer.BpmnDeployer [Test worker] : Processing resource diagrams/leave.bpmn
2020-11-03 09:32:06.645 org.activiti.engine.impl.bpmn.deployer.BpmnDeployer [Test worker] : Processing resource diagrams/leave.png
2020-11-03 09:32:06.812 org.activiti.engine.impl.ProcessEngineImpl [Test worker] : ProcessEngine default created
2020-11-03 09:32:06.825 org.springframework.boot.test.context.SpringBootTestContextBootstrapper [Test worker] : Neither @ContextConfiguration nor @ContextHierarchy found for test class [com.lind.avtiviti.AvtivitiApplicationTests], using SpringBootContextLoader
2020-11-03 09:32:06.826 org.springframework.test.context.support.AbstractContextLoader [Test worker] : Could not detect default resource locations for test class [com.lind.avtiviti.AvtivitiApplicationTests]: no resource found for suffixes {-context.xml, Context.groovy}.
2020-11-03 09:32:06.826 org.springframework.test.context.support.AnnotationConfigContextLoaderUtils [Test worker] : Could not detect default configuration classes for test class [com.lind.avtiviti.AvtivitiApplicationTests]: AvtivitiApplicationTests does not declare any static, non-private, non-final, nested classes annotated with @Configuration.
2020-11-03 09:32:06.829 org.springframework.boot.test.context.SpringBootTestContextBootstrapper [Test worker] : Found @SpringBootConfiguration com.lind.avtiviti.AvtivitiApplication for test class com.lind.avtiviti.AvtivitiApplicationTests
2020-11-03 09:32:06.830 org.springframework.boot.test.context.SpringBootTestContextBootstrapper [Test worker] : Loaded default TestExecutionListener class names from location [META-INF/spring.factories]: [org.springframework.boot.test.autoconfigure.restdocs.RestDocsTestExecutionListener, org.springframework.boot.test.autoconfigure.web.client.MockRestServiceServerResetTestExecutionListener, org.springframework.boot.test.autoconfigure.web.servlet.MockMvcPrintOnlyOnFailureTestExecutionListener, org.springframework.boot.test.autoconfigure.web.servlet.WebDriverTestExecutionListener, org.springframework.boot.test.mock.mockito.MockitoTestExecutionListener, org.springframework.boot.test.mock.mockito.ResetMocksTestExecutionListener, org.springframework.test.context.web.ServletTestExecutionListener, org.springframework.test.context.support.DirtiesContextBeforeModesTestExecutionListener, org.springframework.test.context.support.DependencyInjectionTestExecutionListener, org.springframework.test.context.support.DirtiesContextTestExecutionListener, org.springframework.test.context.transaction.TransactionalTestExecutionListener, org.springframework.test.context.jdbc.SqlScriptsTestExecutionListener, org.springframework.test.context.event.EventPublishingTestExecutionListener]
2020-11-03 09:32:06.831 org.springframework.boot.test.context.SpringBootTestContextBootstrapper [Test worker] : Using TestExecutionListeners: [org.springframework.test.context.web.ServletTestExecutionListener@15cc951b, org.springframework.test.context.support.DirtiesContextBeforeModesTestExecutionListener@3c413892, org.springframework.boot.test.mock.mockito.MockitoTestExecutionListener@16013c90, org.springframework.boot.test.autoconfigure.SpringBootDependencyInjectionTestExecutionListener@624b8c7e, org.springframework.test.context.support.DirtiesContextTestExecutionListener@13deb961, org.springframework.test.context.transaction.TransactionalTestExecutionListener@266e9620, org.springframework.test.context.jdbc.SqlScriptsTestExecutionListener@3914cbc1, org.springframework.test.context.event.EventPublishingTestExecutionListener@78288e1, org.springframework.boot.test.autoconfigure.restdocs.RestDocsTestExecutionListener@61712cc1, org.springframework.boot.test.autoconfigure.web.client.MockRestServiceServerResetTestExecutionListener@33fc7959, org.springframework.boot.test.autoconfigure.web.servlet.MockMvcPrintOnlyOnFailureTestExecutionListener@2ca9e624, org.springframework.boot.test.autoconfigure.web.servlet.WebDriverTestExecutionListener@3f7fb6d0, org.springframework.boot.test.mock.mockito.ResetMocksTestExecutionListener@570092da]
2020-11-03 09:32:06.985 org.activiti.engine.impl.ProcessEngineImpl [Test worker] : ProcessEngine default created
2020-11-03 09:32:07.166 org.activiti.engine.impl.ProcessEngineImpl [Test worker] : ProcessEngine default created
2020-11-03 09:32:07.186 org.activiti.engine.impl.bpmn.deployer.BpmnDeployer [Test worker] : Processing resource AskForLeave.bpmn
2020-11-03 09:32:07.679 org.activiti.engine.impl.db.DbSqlSession [Test worker] : performing create on engine with resource org/activiti/db/create/activiti.h2.create.engine.sql
2020-11-03 09:32:07.709 org.activiti.engine.impl.db.DbSqlSession [Test worker] : performing create on history with resource org/activiti/db/create/activiti.h2.create.history.sql
2020-11-03 09:32:07.713 org.activiti.engine.impl.db.DbSqlSession [Test worker] : performing create on identity with resource org/activiti/db/create/activiti.h2.create.identity.sql
2020-11-03 09:32:07.715 org.activiti.engine.impl.ProcessEngineImpl [Test worker] : ProcessEngine default created
2020-11-03 09:32:07.726 org.activiti.engine.impl.asyncexecutor.AbstractAsyncJobExecutor [SpringContextShutdownHook] : Shutting down the default async job executor [org.activiti.spring.SpringAsyncExecutor].
2020-11-03 09:32:07.726 org.activiti.engine.impl.asyncexecutor.AcquireAsyncJobsDueRunnable [Thread-6] : stopped async job due acquisition
2020-11-03 09:32:07.726 org.activiti.engine.impl.asyncexecutor.AcquireTimerJobsRunnable [Thread-5] : stopped async job due acquisition
2020-11-03 09:32:07.727 org.springframework.scheduling.concurrent.ThreadPoolTaskExecutor [SpringContextShutdownHook] : Shutting down ExecutorService 'applicationTaskExecutor'
2020-11-03 09:32:07.727 org.springframework.orm.jpa.LocalContainerEntityManagerFactoryBean [SpringContextShutdownHook] : Closing JPA EntityManagerFactory for persistence unit 'default'
2020-11-03 09:32:07.729 com.zaxxer.hikari.HikariDataSource [SpringContextShutdownHook] : HikariPool-1 - Shutdown initiated...
2020-11-03 09:32:07.731 com.zaxxer.hikari.HikariDataSource [SpringContextShutdownHook] : HikariPool-1 - Shutdown completed.
